========== Ioncube_Decoder 1.2.47  LogFile ==========

=========> S t a g e  0  -  Getting RawData (UnBase64-Raw.bin)

Opening D:\web-dir\cabinet\index.php
000003BB -> Start of ionCubeData...
00000A49 -> 0000068E Bytes read.
IC_Base64_Marker: '0y4h' Decoding Base64->Bin...

=========> S t a g e  1  -  Validating RawData

ionCubeVersionType: A0780FF1 [Encrypted: 882BC103]
ioncube_Version_Type 5
Warning: this ioncube_Version_Type was not Tested.

=========> S t a g e  2  -  Processing RawData

RawBinData_Size: 00000893
FileSizeKey: 2395B46A (RawBinData_Size + 12321) Xor &H23958CDE
Header_FileSizeKey: 2395B46A
Header_Size: 00000056 (InitKey for MT: CA7FB74B)
Adler32_CRC for 'IC_Raw[0004]..[0074]' and calculated MATCH. CRC: 5DD939F0

=========> S t a g e  3  -  Extracting Header from RawData (->IC_Header.bin)


=========> S t a g e  4  -  Interpreting IC_Header

IncludeXorKey[should be 0xE9FC23B1]: E9FC23B1
Customised error messages entries: 0x00
Include file protection entries: 0x00
Server restrictions entries: 0x02
 #1 MACs: 68:F7:28:29:6C:42:   | 
 #2 MACs: 60:EB:69:53:13:99:   | 
Adler32_CRC for '<?php //... ?>' and calculated MATCH. CRC: FF6F3BF0
IC_HeaderEx start: 001E
IC_HeaderEx end: 0046   IC_Header HeaderSize: 0056

=========> S t a g e  5  -  Interpreting IC_HeaderEx

0001 <-IC_Type_Minor
0004 <-IC_Type_Major
00000027 <-PhpFlags
  0x0001  0001
  0x0002  0002 
  0x0004  0004 
  0x0020  Allow run with untrusted server extensions

EncoderVersion(Generation? 03): 06.00 Enhancement 10
IC Encoder Registration data(MemberID): 0x9812
Bytecode_MT_XorKey: 0007BE43 ( ((((Bytecode_MT_InitKey * 0x92492493)>>32) + Bytecode_MT_InitKey) >> 2) - 13 * SrvRestrictionsItems
Copy of IncludeXorKey in Header_MoreData: 0xE9FC23B1
unused Data(maybe they're used on Unix): 00000000 0C831500 EBBF
other data: 00 00
EvalTimeMin: 28/01/2016 02.12.45   19A0D616 '+0500DA46'=>56A9791D seconds since 1.1.1970
EvalTimeMax: 01/01/2017   53676C3A '+3D08A307'=>58684680 seconds since 1.1.1970
BodyStartOffset: 0x0000007C

=========> S t a g e  6  -  Extracting & Inflating IC_body from RawData (->IC_body.bin)

00000080  Body_MT_Seed: 61FB7CC6

=========> S t a g e  7  -  Reading IC_body.bin


=========> S t a g e  8  -  Read function body data

Reading Body
00000004 -> 00000002
S2[Fixed Size 0x40]:
00000046 ->  00000002
 Skipped3 ->  00000000
 FuncNameStart ->  00000000 029D9078
 CmdData ->  02958B48
 Args ->  0000002F
 ArgsMin ->  0000002F
 php4Extra ->  00000021 00000000 00000000 FFFFFFFF 00000000 00000000
 Skipped1 ->  00000000 00000000 00000000
 PHPFileNamePtr -> 
 
00000045 -> FunctionName:  function {MainFunction}
 
0000004E -> 0000002F<-CmdCount
byteCmds[Elementsize=0x4] Elements: 00000036
Command(Encrypted)  Line
------------------------
   043B  0002
   033D  0002
   0753  0003
   0726  0003
   043B  0006
   0B5C  0006
   0F5D  0006
   1E42  0006
   003D  0000
   0B3D  0006
   0753  0006
   0726  0006
   043B  0007
   0B5C  0007
   0F5D  0007
   1E42  0007
   003D  0000
   0B3D  0007
   0753  0007
   0726  0007
   0350  0008
   0751  0008
   0753  0008
   0726  0008
   0350  0009
   0751  0009
   0753  0009
   0726  0009
   043B  000A
   0F5C  000A
   1E42  000A
   003D  0000
   0B3D  000A
   0753  000A
   0726  000A
   043B  0010
   0F5C  0010
   1E42  0010
   003D  0000
   1E41  0010
   003D  0000
   1E41  0010
   003D  0000
   1B3D  0010
   0003  0000
   0753  0010
   0726  0010
   0750  0011
   0228  0011
   0353  0012
   0754  0012
   0726  0012
   0228  0015
   023E  001F
CmdParams[Elementsize=0x10] Elements: 0000006D
Type      Op1       Op2       Flags
-----------------------------------
00000001   FFFFFE24   0000000D   00020103
00000004   00000000   00000001   00000000
00000001   FFFFFE24   0000000D   00020103
00000004   00000001   00000000   00000000
00000001   00000002   00000013   00020103
00000008   00000001   00000000   00000000
00000004   00000002   00000001   00000000
00000004   00000001   00000000   00000000
00000001   00000001   00000001   00020101
00000001   FFFFFDE5   0000000A   00020103
00000004   00000004   00000000   00000000
00000001   FFFFFFF6   00000007   00020103
00000004   00000005   00000000   00000000
00000004   00000004   00000000   00000000
00000001   00000016   0000000F   00020103
00000004   00000005   00000000   00000000
00000008   00000001   00000000   00000000
00000004   00000006   00000000   00000000
00000001   FFFFFDE5   0000000A   00020103
00000004   00000003   00000000   00000000
00000001   00000026   00000002   00020103
00000008   00000001   00000000   00000000
00000004   00000007   00000001   00000000
00000004   00000003   00000000   00000000
00000004   00000006   00000000   00000000
00000001   FFFFFDE5   0000000A   00020103
00000004   00000009   00000000   00000000
00000001   FFFFFFF6   00000007   00020103
00000004   0000000A   00000000   00000000
00000004   00000009   00000000   00000000
00000001   00000029   0000000B   00020103
00000004   0000000A   00000000   00000000
00000008   00000001   00000000   00000000
00000004   0000000B   00000000   00000000
00000001   FFFFFDE5   0000000A   00020103
00000004   00000008   00000000   00000000
00000001   00000035   00000002   00020103
00000008   00000001   00000000   00000000
00000004   0000000C   00000001   00000000
00000004   00000008   00000000   00000000
00000004   0000000B   00000000   00000000
00000004   0000000E   00000000   00000000
00000001   FFFFFFF6   00000007   00020103
00000004   0000000F   00000000   00000000
00000004   0000000E   00000000   00000000
00000001   00000038   0000000B   00020103
00000004   0000000D   00000000   00000000
00000001   00000044   00000002   00020103
00000008   00000001   00000000   00000000
00000004   00000010   00000001   00000000
00000004   0000000D   00000000   00000000
00000004   0000000F   00000000   00000000
00000004   00000012   00000000   00000000
00000001   FFFFFFF6   00000007   00020103
00000004   00000013   00000000   00000000
00000004   00000012   00000000   00000000
00000001   00000047   00000009   00020103
00000004   00000011   00000000   00000000
00000001   00000051   00000008   00020103
00000008   00000001   00000000   00000000
00000004   00000014   00000001   00000000
00000004   00000011   00000000   00000000
00000004   00000013   00000000   00000000
00000001   FFFFFDE5   0000000A   00020103
00000004   00000016   00000000   00000000
00000001   0000005A   00000008   00020103
00000008   00000001   00000000   00000000
00000004   00000016   00000000   00000000
00000008   00000001   00000000   00000000
00000004   00000017   00000000   00000000
00000001   FFFFFDE5   0000000A   00020103
00000004   00000015   00000000   00000000
00000001   00000063   00000008   00020103
00000008   00000001   00000000   00000000
00000004   00000018   00000001   00000000
00000004   00000015   00000000   00000000
00000004   00000017   00000000   00000000
00000001   FFFFFFF0   00000006   00020103
00000004   0000001A   00000000   00000000
00000001   0000006C   00000008   00020103
00000008   00000001   00000000   00000000
00000004   0000001A   00000000   00000000
00000008   00000001   00000000   00000000
00000001   00000003   00000001   00020101
00000008   00000002   00000000   00000000
00000001   0000000A   00000001   00020101
00000008   00000003   00000000   00000000
00000004   0000001B   00000000   00000000
00000001   FFFFFFF0   00000006   00020103
00000004   00000019   00000000   00000000
00000001   00000075   0000000B   00020103
00000008   00000001   00000000   00000000
00000004   0000001C   00000001   00000000
00000004   00000019   00000000   00000000
00000004   0000001B   00000000   00000000
00000004   0000001D   00000000   00000000
00000001   00000081   0000000B   00020103
00000008   00000001   00000000   00000000
00000004   0000001D   00000000   00000000
00000004   0000001E   00000000   00000000
00000001   FFFFFFF5   00000008   00020103
00000004   0000001F   00000000   00000000
00000004   0000001E   00000000   00000000
00000001   0000008D   0000000A   00020103
00000004   00000020   00000001   00000000
00000004   0000001F   00000000   00000000
00000001   00000098   00000004   00020103
00000001   0000009D   00000040   00020103
00000001   00000001   00535B00   00020101
StringData [000000DE]
000008E0 -> C0 DE 73 6B 69 70 5F 61 75 74 68 65 6E 74 69 63 61 74 69 6F 6E 00 48 54 54 50 5F 55 53 45 52 5F 41 47 45 4E 54 00 75 61 00 48 54 54 50 5F 41 43 43 45 50 54 00 61 63 00 52 45 4D 4F 54 45 5F 41 44 44 52 00 69 70 00 48 54 54 50 5F 48 4F 53 54 00 68 74 74 70 68 6F 73 74 00 68 74 74 70 68 6F 73 74 00 68 74 74 70 68 6F 73 74 00 68 74 74 70 68 6F 73 74 00 63 68 65 63 6B 61 72 69 73 61 6E 00 63 68 65 63 6B 61 72 69 73 61 6E 00 75 72 6C 70 72 6F 6A 65 63 74 00 61 70 63 78 00 3C 6D 65 74 61 20 68 74 74 70 2D 65 71 75 69 76 20 3D 20 22 72 65 66 72 65 73 68 22 20 63 6F 6E 74 65 6E 74 20 3D 20 22 30 3B 75 72 6C 3D 77 65 62 32 2F 69 6E 64 65 78 2E 70 68 70 22 3E 0D 0A 00 
ÀÞskip_authentication.HTTP_USER_AGENT.ua.HTTP_ACCEPT.ac.REMOTE_ADDR.ip.HTTP_HOST.httphost.httphost.httphost.httphost.checkarisan.checkarisan.urlproject.apcx.<meta http-equiv = "refresh" content = "0;url=web2/index.php">
.
Length of unprocessed data: 00000662

=========> S t a g e  9  -  Interpreting IC_body/ByteCode

#0000: 0x3B ZEND_INIT_FCALL_BY_NAME   LineNo: 0x0002  Flags: 0x04()
op2   : 01->CONST   FFFFFE24 0000000D  03->STRING 01->ref 0002
        KeyWord: session_start
----------------------------------------------------------------
[1] 'session_start
______________________________________________________________________
#0001: 0x3D ZEND_DO_FCALL_BY_NAME   LineNo: 0x0002  Flags: 0x03()
result: 04->VAR     00000000 00000001  00->NULL   00->val 0000
op1   : 01->CONST   FFFFFE24 0000000D  03->STRING 01->ref 0002
        KeyWord: session_start
====================================================================
session_start();
______________________________________________________________________
#0002: 0x53 ZEND_FETCH_W   LineNo: 0x0003  Flags: 0x07()
result: 04->VAR     00000001 00000000  00->NULL   00->val 0000
op1   : 01->CONST   00000002 00000013  03->STRING 01->ref 0002
        KeyWord: skip_authentication
op2   : 08->UNUSED  00000001 00000000  00->NULL   00->val 0000
----------------------------------------------------------------
[1] '$skip_authentication
______________________________________________________________________
#0003: 0x26 ZEND_ASSIGN   LineNo: 0x0003  Flags: 0x07()
result: 04->VAR     00000002 00000001  00->NULL   00->val 0000
op1   : 04->VAR     00000001 00000000  00->NULL   00->val 0000
op2   : 01->CONST   00000001 00000001  01->LONG   01->ref 0002
====================================================================
$skip_authentication=1;
______________________________________________________________________
#0004: 0x3B ZEND_INIT_FCALL_BY_NAME   LineNo: 0x0006  Flags: 0x04()
op2   : 01->CONST   FFFFFDE5 0000000A  03->STRING 01->ref 0002
        KeyWord: strtolower
----------------------------------------------------------------
[1] 'strtolower
______________________________________________________________________
#0005: 0x5C ZEND_FETCH_FUNC_ARG   LineNo: 0x0006  Flags: 0x0B()
result: 04->VAR     00000004 00000000  00->NULL   00->val 0000
op1   : 01->CONST   FFFFFFF6 00000007  03->STRING 01->ref 0002
        KeyWord: _SERVER
        extended_value(from Flag): 0001
----------------------------------------------------------------
[1] 'strtolower
[2] '$_SERVER
______________________________________________________________________
#0006: 0x5D ZEND_FETCH_DIM_FUNC_ARG   LineNo: 0x0006  Flags: 0x0F()
result: 04->VAR     00000005 00000000  00->NULL   00->val 0000
op1   : 04->VAR     00000004 00000000  00->NULL   00->val 0000
op2   : 01->CONST   00000016 0000000F  03->STRING 01->ref 0002
        KeyWord: HTTP_USER_AGENT
        extended_value(from Flag): 0001
----------------------------------------------------------------
[1] 'strtolower
[2] '$_SERVER
______________________________________________________________________
#0007: 0x42 ZEND_SEND_VAR   LineNo: 0x0006  Flags: 0x1E()
op1   : 04->VAR     00000005 00000000  00->NULL   00->val 0000
op2   : 08->UNUSED  00000001 00000000  00->NULL   00->val 0000
        extended_value(from File): 003D
----------------------------------------------------------------
[1] 'strtolower
[2] '$_SERVER
....................................................................
Comment: SHOULD_BE_SENT_BY_REF
______________________________________________________________________
#0008: 0x3D ZEND_DO_FCALL_BY_NAME   LineNo: 0x0006  Flags: 0x0B()
result: 04->VAR     00000006 00000000  00->NULL   00->val 0000
op1   : 01->CONST   FFFFFDE5 0000000A  03->STRING 01->ref 0002
        KeyWord: strtolower
        extended_value(from Flag): 0001
----------------------------------------------------------------
[1] 'strtolower
[2] '$_SERVER()
______________________________________________________________________
#0009: 0x53 ZEND_FETCH_W   LineNo: 0x0006  Flags: 0x07()
result: 04->VAR     00000003 00000000  00->NULL   00->val 0000
op1   : 01->CONST   00000026 00000002  03->STRING 01->ref 0002
        KeyWord: ua
op2   : 08->UNUSED  00000001 00000000  00->NULL   00->val 0000
----------------------------------------------------------------
[1] 'strtolower
[2] '$_SERVER()
[3] '$ua
______________________________________________________________________
#000A: 0x26 ZEND_ASSIGN   LineNo: 0x0006  Flags: 0x07()
result: 04->VAR     00000007 00000001  00->NULL   00->val 0000
op1   : 04->VAR     00000003 00000000  00->NULL   00->val 0000
op2   : 04->VAR     00000006 00000000  00->NULL   00->val 0000
----------------------------------------------------------------
[1] 'strtolower
Correcting Stack error...
====================================================================
$ua=$_SERVER()strtolower;
______________________________________________________________________
#000B: 0x3B ZEND_INIT_FCALL_BY_NAME   LineNo: 0x0007  Flags: 0x04()
op2   : 01->CONST   FFFFFDE5 0000000A  03->STRING 01->ref 0002
        KeyWord: strtolower
----------------------------------------------------------------
[1] 'strtolower
______________________________________________________________________
#000C: 0x5C ZEND_FETCH_FUNC_ARG   LineNo: 0x0007  Flags: 0x0B()
result: 04->VAR     00000009 00000000  00->NULL   00->val 0000
op1   : 01->CONST   FFFFFFF6 00000007  03->STRING 01->ref 0002
        KeyWord: _SERVER
        extended_value(from Flag): 0001
----------------------------------------------------------------
[1] 'strtolower
[2] '$_SERVER
______________________________________________________________________
#000D: 0x5D ZEND_FETCH_DIM_FUNC_ARG   LineNo: 0x0007  Flags: 0x0F()
result: 04->VAR     0000000A 00000000  00->NULL   00->val 0000
op1   : 04->VAR     00000009 00000000  00->NULL   00->val 0000
op2   : 01->CONST   00000029 0000000B  03->STRING 01->ref 0002
        KeyWord: HTTP_ACCEPT
        extended_value(from Flag): 0001
----------------------------------------------------------------
[1] 'strtolower
[2] '$_SERVER
______________________________________________________________________
#000E: 0x42 ZEND_SEND_VAR   LineNo: 0x0007  Flags: 0x1E()
op1   : 04->VAR     0000000A 00000000  00->NULL   00->val 0000
op2   : 08->UNUSED  00000001 00000000  00->NULL   00->val 0000
        extended_value(from File): 003D
----------------------------------------------------------------
[1] 'strtolower
[2] '$_SERVER
....................................................................
Comment: SHOULD_BE_SENT_BY_REF
______________________________________________________________________
#000F: 0x3D ZEND_DO_FCALL_BY_NAME   LineNo: 0x0007  Flags: 0x0B()
result: 04->VAR     0000000B 00000000  00->NULL   00->val 0000
op1   : 01->CONST   FFFFFDE5 0000000A  03->STRING 01->ref 0002
        KeyWord: strtolower
        extended_value(from Flag): 0001
----------------------------------------------------------------
[1] 'strtolower
[2] '$_SERVER()
______________________________________________________________________
#0010: 0x53 ZEND_FETCH_W   LineNo: 0x0007  Flags: 0x07()
result: 04->VAR     00000008 00000000  00->NULL   00->val 0000
op1   : 01->CONST   00000035 00000002  03->STRING 01->ref 0002
        KeyWord: ac
op2   : 08->UNUSED  00000001 00000000  00->NULL   00->val 0000
----------------------------------------------------------------
[1] 'strtolower
[2] '$_SERVER()
[3] '$ac
______________________________________________________________________
#0011: 0x26 ZEND_ASSIGN   LineNo: 0x0007  Flags: 0x07()
result: 04->VAR     0000000C 00000001  00->NULL   00->val 0000
op1   : 04->VAR     00000008 00000000  00->NULL   00->val 0000
op2   : 04->VAR     0000000B 00000000  00->NULL   00->val 0000
----------------------------------------------------------------
[1] 'strtolower
Correcting Stack error...
====================================================================
$ac=$_SERVER()strtolower;
______________________________________________________________________
#0012: 0x50 ZEND_FETCH_R   LineNo: 0x0008  Flags: 0x03()
result: 04->VAR     0000000E 00000000  00->NULL   00->val 0000
op1   : 01->CONST   FFFFFFF6 00000007  03->STRING 01->ref 0002
        KeyWord: _SERVER
----------------------------------------------------------------
[1] '$_SERVER
______________________________________________________________________
#0013: 0x51 ZEND_FETCH_DIM_R   LineNo: 0x0008  Flags: 0x07()
result: 04->VAR     0000000F 00000000  00->NULL   00->val 0000
op1   : 04->VAR     0000000E 00000000  00->NULL   00->val 0000
op2   : 01->CONST   00000038 0000000B  03->STRING 01->ref 0002
        KeyWord: REMOTE_ADDR
----------------------------------------------------------------
[1] '$_SERVER
______________________________________________________________________
#0014: 0x53 ZEND_FETCH_W   LineNo: 0x0008  Flags: 0x07()
result: 04->VAR     0000000D 00000000  00->NULL   00->val 0000
op1   : 01->CONST   00000044 00000002  03->STRING 01->ref 0002
        KeyWord: ip
op2   : 08->UNUSED  00000001 00000000  00->NULL   00->val 0000
----------------------------------------------------------------
[1] '$_SERVER
[2] '$ip
______________________________________________________________________
#0015: 0x26 ZEND_ASSIGN   LineNo: 0x0008  Flags: 0x07()
result: 04->VAR     00000010 00000001  00->NULL   00->val 0000
op1   : 04->VAR     0000000D 00000000  00->NULL   00->val 0000
op2   : 04->VAR     0000000F 00000000  00->NULL   00->val 0000
----------------------------------------------------------------
[1] '$_SERVER
Correcting Stack error...
====================================================================
$_SERVER;
______________________________________________________________________
#0016: 0x50 ZEND_FETCH_R   LineNo: 0x0009  Flags: 0x03()
result: 04->VAR     00000012 00000000  00->NULL   00->val 0000
op1   : 01->CONST   FFFFFFF6 00000007  03->STRING 01->ref 0002
        KeyWord: _SERVER
----------------------------------------------------------------
[1] '$_SERVER
______________________________________________________________________
#0017: 0x51 ZEND_FETCH_DIM_R   LineNo: 0x0009  Flags: 0x07()
result: 04->VAR     00000013 00000000  00->NULL   00->val 0000
op1   : 04->VAR     00000012 00000000  00->NULL   00->val 0000
op2   : 01->CONST   00000047 00000009  03->STRING 01->ref 0002
        KeyWord: HTTP_HOST
----------------------------------------------------------------
[1] '$_SERVER
______________________________________________________________________
#0018: 0x53 ZEND_FETCH_W   LineNo: 0x0009  Flags: 0x07()
result: 04->VAR     00000011 00000000  00->NULL   00->val 0000
op1   : 01->CONST   00000051 00000008  03->STRING 01->ref 0002
        KeyWord: httphost
op2   : 08->UNUSED  00000001 00000000  00->NULL   00->val 0000
----------------------------------------------------------------
[1] '$_SERVER
[2] '$httphost
______________________________________________________________________
#0019: 0x26 ZEND_ASSIGN   LineNo: 0x0009  Flags: 0x07()
result: 04->VAR     00000014 00000001  00->NULL   00->val 0000
op1   : 04->VAR     00000011 00000000  00->NULL   00->val 0000
op2   : 04->VAR     00000013 00000000  00->NULL   00->val 0000
----------------------------------------------------------------
[1] '$_SERVER
Correcting Stack error...
====================================================================
$_SERVER;
______________________________________________________________________
#001A: 0x3B ZEND_INIT_FCALL_BY_NAME   LineNo: 0x000A  Flags: 0x04()
op2   : 01->CONST   FFFFFDE5 0000000A  03->STRING 01->ref 0002
        KeyWord: strtolower
----------------------------------------------------------------
[1] 'strtolower
______________________________________________________________________
#001B: 0x5C ZEND_FETCH_FUNC_ARG   LineNo: 0x000A  Flags: 0x0F()
result: 04->VAR     00000016 00000000  00->NULL   00->val 0000
op1   : 01->CONST   0000005A 00000008  03->STRING 01->ref 0002
        KeyWord: httphost
op2   : 08->UNUSED  00000001 00000000  00->NULL   00->val 0000
        extended_value(from Flag): 0001
----------------------------------------------------------------
[1] 'strtolower
[2] '$httphost
______________________________________________________________________
#001C: 0x42 ZEND_SEND_VAR   LineNo: 0x000A  Flags: 0x1E()
op1   : 04->VAR     00000016 00000000  00->NULL   00->val 0000
op2   : 08->UNUSED  00000001 00000000  00->NULL   00->val 0000
        extended_value(from File): 003D
----------------------------------------------------------------
[1] 'strtolower
....................................................................
Comment: SHOULD_BE_SENT_BY_REF
______________________________________________________________________
#001D: 0x3D ZEND_DO_FCALL_BY_NAME   LineNo: 0x000A  Flags: 0x0B()
result: 04->VAR     00000017 00000000  00->NULL   00->val 0000
op1   : 01->CONST   FFFFFDE5 0000000A  03->STRING 01->ref 0002
        KeyWord: strtolower
        extended_value(from Flag): 0001
----------------------------------------------------------------
[1] 'strtolower($httphost)
______________________________________________________________________
#001E: 0x53 ZEND_FETCH_W   LineNo: 0x000A  Flags: 0x07()
result: 04->VAR     00000015 00000000  00->NULL   00->val 0000
op1   : 01->CONST   00000063 00000008  03->STRING 01->ref 0002
        KeyWord: httphost
op2   : 08->UNUSED  00000001 00000000  00->NULL   00->val 0000
----------------------------------------------------------------
[1] 'strtolower($httphost)
[2] '$httphost
______________________________________________________________________
#001F: 0x26 ZEND_ASSIGN   LineNo: 0x000A  Flags: 0x07()
result: 04->VAR     00000018 00000001  00->NULL   00->val 0000
op1   : 04->VAR     00000015 00000000  00->NULL   00->val 0000
op2   : 04->VAR     00000017 00000000  00->NULL   00->val 0000
====================================================================
$httphost=strtolower($httphost);
______________________________________________________________________
#0020: 0x3B ZEND_INIT_FCALL_BY_NAME   LineNo: 0x0010  Flags: 0x04()
op2   : 01->CONST   FFFFFFF0 00000006  03->STRING 01->ref 0002
        KeyWord: substr
----------------------------------------------------------------
[1] 'substr
______________________________________________________________________
#0021: 0x5C ZEND_FETCH_FUNC_ARG   LineNo: 0x0010  Flags: 0x0F()
result: 04->VAR     0000001A 00000000  00->NULL   00->val 0000
op1   : 01->CONST   0000006C 00000008  03->STRING 01->ref 0002
        KeyWord: httphost
op2   : 08->UNUSED  00000001 00000000  00->NULL   00->val 0000
        extended_value(from Flag): 0001
----------------------------------------------------------------
[1] 'substr
[2] '$httphost
______________________________________________________________________
#0022: 0x42 ZEND_SEND_VAR   LineNo: 0x0010  Flags: 0x1E()
op1   : 04->VAR     0000001A 00000000  00->NULL   00->val 0000
op2   : 08->UNUSED  00000001 00000000  00->NULL   00->val 0000
        extended_value(from File): 003D
----------------------------------------------------------------
[1] 'substr
....................................................................
Comment: SHOULD_BE_SENT_BY_REF
______________________________________________________________________
#0023: 0x41 ZEND_SEND_VAL   LineNo: 0x0010  Flags: 0x1E()
op1   : 01->CONST   00000003 00000001  01->LONG   01->ref 0002
op2   : 08->UNUSED  00000002 00000000  00->NULL   00->val 0000
        extended_value(from File): 003D
----------------------------------------------------------------
[1] 'substr
....................................................................
Comment: Arg[2] = 3
______________________________________________________________________
#0024: 0x41 ZEND_SEND_VAL   LineNo: 0x0010  Flags: 0x1E()
op1   : 01->CONST   0000000A 00000001  01->LONG   01->ref 0002
op2   : 08->UNUSED  00000003 00000000  00->NULL   00->val 0000
        extended_value(from File): 003D
----------------------------------------------------------------
[1] 'substr
....................................................................
Comment: Arg[3] = 10
______________________________________________________________________
#0025: 0x3D ZEND_DO_FCALL_BY_NAME   LineNo: 0x0010  Flags: 0x1B()
result: 04->VAR     0000001B 00000000  00->NULL   00->val 0000
op1   : 01->CONST   FFFFFFF0 00000006  03->STRING 01->ref 0002
        KeyWord: substr
        extended_value(from File): 0003
----------------------------------------------------------------
[1] 'substr($httphost,3,10)
______________________________________________________________________
#0026: 0x53 ZEND_FETCH_W   LineNo: 0x0010  Flags: 0x07()
result: 04->VAR     00000019 00000000  00->NULL   00->val 0000
op1   : 01->CONST   00000075 0000000B  03->STRING 01->ref 0002
        KeyWord: checkarisan
op2   : 08->UNUSED  00000001 00000000  00->NULL   00->val 0000
----------------------------------------------------------------
[1] 'substr($httphost,3,10)
[2] '$checkarisan
______________________________________________________________________
#0027: 0x26 ZEND_ASSIGN   LineNo: 0x0010  Flags: 0x07()
result: 04->VAR     0000001C 00000001  00->NULL   00->val 0000
op1   : 04->VAR     00000019 00000000  00->NULL   00->val 0000
op2   : 04->VAR     0000001B 00000000  00->NULL   00->val 0000
====================================================================
$checkarisan=substr($httphost,3,10);
______________________________________________________________________
#0028: 0x50 ZEND_FETCH_R   LineNo: 0x0011  Flags: 0x07()
result: 04->VAR     0000001D 00000000  00->NULL   00->val 0000
op1   : 01->CONST   00000081 0000000B  03->STRING 01->ref 0002
        KeyWord: checkarisan
op2   : 08->UNUSED  00000001 00000000  00->NULL   00->val 0000
----------------------------------------------------------------
[1] '$checkarisan
______________________________________________________________________
#0029: 0x28 ZEND_ECHO   LineNo: 0x0011  Flags: 0x02()
op1   : 04->VAR     0000001D 00000000  00->NULL   00->val 0000
====================================================================
echo $checkarisan;
______________________________________________________________________
#002A: 0x53 ZEND_FETCH_W   LineNo: 0x0012  Flags: 0x03()
result: 04->VAR     0000001E 00000000  00->NULL   00->val 0000
op1   : 01->CONST   FFFFFFF5 00000008  03->STRING 01->ref 0002
        KeyWord: _SESSION
----------------------------------------------------------------
[1] '$_SESSION
______________________________________________________________________
#002B: 0x54 ZEND_FETCH_DIM_W   LineNo: 0x0012  Flags: 0x07()
result: 04->VAR     0000001F 00000000  00->NULL   00->val 0000
op1   : 04->VAR     0000001E 00000000  00->NULL   00->val 0000
op2   : 01->CONST   0000008D 0000000A  03->STRING 01->ref 0002
        KeyWord: urlproject
----------------------------------------------------------------
[1] '$_SESSION
______________________________________________________________________
#002C: 0x26 ZEND_ASSIGN   LineNo: 0x0012  Flags: 0x07()
result: 04->VAR     00000020 00000001  00->NULL   00->val 0000
op1   : 04->VAR     0000001F 00000000  00->NULL   00->val 0000
op2   : 01->CONST   00000098 00000004  03->STRING 01->ref 0002
        KeyWord: apcx
----------------------------------------------------------------
[1] '$_SESSION
Correcting Stack error...
====================================================================
$_SESSION;
______________________________________________________________________
#002D: 0x28 ZEND_ECHO   LineNo: 0x0015  Flags: 0x02()
op1   : 01->CONST   0000009D 00000040  03->STRING 01->ref 0002
        KeyWord: <meta http-equiv = "refresh" content = "0;url=web2/index.php">

====================================================================
echo "<meta http-equiv = "refresh" content = "0;url=web2/index.php">\n";
______________________________________________________________________
#002E: 0x3E ZEND_RETURN   LineNo: 0x001F  Flags: 0x02()
op1   : 01->CONST   00000001 00535B00  01->LONG   01->ref 0002
====================================================================
Return (1);
______________________________________________________________________
FunctionsCount: 0001
----------------- Function #1

=========> S t a g e  8  -  Read function body data

Reading Body
000008E6 -> 00000017
S2[Fixed Size 0x40]:
00000931 ->  02500102
 Skipped3 ->  00000000
 FuncNameStart ->  00000002 021FC990
 CmdData ->  02D10F60
 Args ->  00000023
 ArgsMin ->  00000023
 php4Extra ->  00000013 00000000 00000000 FFFFFFFF 00000100 00000000
 Skipped1 ->  00000000 00000000 00180100
 PHPFileNamePtr -> 
 
00000930 -> FunctionName:  function tradelog
 
00000939 -> 00000023<-CmdCount
byteCmds[Elementsize=0x4] Elements: 00000030
Command(Encrypted)  Line
------------------------
   0753  0017
   033F  0017
   043B  0018
   1E41  0018
   003D  0000
   1E41  0018
   003D  0000
   1B3D  0018
   0002  0000
   0753  0018
   0726  0018
   043B  0019
   1E41  0019
   003D  0000
   0B3D  0019
   0753  0019
   0726  0019
   043B  001A
   1E41  001A
   003D  0000
   1E41  001A
   003D  0000
   1F5C  001A
   0003  0000
   1E42  001A
   003D  0000
   1B3D  001A
   0003  0000
   0753  001A
   0726  001A
   043B  001B
   0F5C  001B
   1E42  001B
   003D  0000
   0750  001B
   0750  001B
   0708  001B
   0708  001B
   1E41  001B
   003D  0000
   1B3D  001B
   0002  0000
   043B  001C
   0F5C  001C
   1E42  001C
   003D  0000
   0B3D  001C
   023E  001D
CmdParams[Elementsize=0x10] Elements: 0000004E
Type      Op1       Op2       Flags
-----------------------------------
00000004   00000000   00000000   00000000
00000001   0000000B   00000003   00020103
00000008   00000001   00000000   00000000
00000004   00000000   00000000   00000000
00000001   00000001   00000003   00020101
00000001   FFFFFF71   00000005   00020103
00000001   0000000F   0000000A   00020103
00000008   00000001   00000000   00000000
00000001   0000001A   00000001   00020103
00000008   00000002   00000000   00000000
00000004   00000002   00000000   00000000
00000001   FFFFFF71   00000005   00020103
00000004   00000001   00000000   00000000
00000001   0000001C   00000002   00020103
00000008   00000001   00000000   00000000
00000004   00000003   00000001   00000000
00000004   00000001   00000000   00000000
00000004   00000002   00000000   00000000
00000001   FFFFFFA5   00000004   00020103
00000001   0000001F   0000000F   00020103
00000008   00000001   00000000   00000000
00000004   00000005   00000000   00000000
00000001   FFFFFFA5   00000004   00020103
00000004   00000004   00000000   00000000
00000001   0000002F   00000007   00020103
00000008   00000001   00000000   00000000
00000004   00000006   00000001   00000000
00000004   00000004   00000000   00000000
00000004   00000005   00000000   00000000
00000001   FFFFFE53   0000000C   00020103
00000001   00000037   00000005   00020103
00000008   00000001   00000000   00000000
00000001   0000003D   00000001   00020103
00000008   00000002   00000000   00000000
00000004   00000008   00000000   00000000
00000001   0000003F   00000003   00020103
00000008   00000001   00000000   00000000
00000004   00000008   00000000   00000000
00000008   00000003   00000000   00000000
00000004   00000009   00000000   00000000
00000001   FFFFFE53   0000000C   00020103
00000004   00000007   00000000   00000000
00000001   00000043   00000003   00020103
00000008   00000001   00000000   00000000
00000004   0000000A   00000001   00000000
00000004   00000007   00000000   00000000
00000004   00000009   00000000   00000000
00000001   FFFFFF62   00000006   00020103
00000004   0000000B   00000000   00000000
00000001   00000047   00000002   00020103
00000008   00000001   00000000   00000000
00000004   0000000B   00000000   00000000
00000008   00000001   00000000   00000000
00000004   0000000C   00000000   00000000
00000001   0000004A   00000007   00020103
00000008   00000001   00000000   00000000
00000004   0000000D   00000000   00000000
00000001   00000052   00000003   00020103
00000008   00000001   00000000   00000000
00000002   0000000E   00000000   00000000
00000004   0000000C   00000000   00000000
00000004   0000000D   00000000   00000000
00000002   0000000F   00000000   00000000
00000002   0000000E   00000000   00000000
00000001   00000056   00000001   00020103
00000002   0000000F   00000000   00000000
00000008   00000002   00000000   00000000
00000004   00000010   00000001   00000000
00000001   FFFFFF62   00000006   00020103
00000001   FFFFFF86   00000006   00020103
00000004   00000011   00000000   00000000
00000001   00000058   00000002   00020103
00000008   00000001   00000000   00000000
00000004   00000011   00000000   00000000
00000008   00000001   00000000   00000000
00000004   00000012   00000001   00000000
00000001   FFFFFF86   00000006   00020103
00000001   00000000   00000000   00020100
StringData [0000005B]
00000F40 -> C0 DE 74 72 61 64 65 6C 6F 67 00 6D 73 67 00 74 72 61 64 65 72 2E 6C 6F 67 00 61 00 66 70 00 59 2D 6D 2D 64 20 48 3A 69 3A 73 20 3D 3E 20 00 6C 6F 67 64 61 74 65 00 2F 5C 73 2B 2F 00 20 00 6D 73 67 00 6D 73 67 00 66 70 00 6C 6F 67 64 61 74 65 00 6D 73 67 00 0A 00 66 70 00 
ÀÞtradelog.msg.trader.log.a.fp.Y-m-d H:i:s => .logdate./\s+/. .msg.msg.fp.logdate.msg.
.fp.
Length of unprocessed data: 00000002

=========> S t a g e  9  -  Interpreting IC_body/ByteCode

#0000: 0x53 ZEND_FETCH_W   LineNo: 0x0017  Flags: 0x07()
result: 04->VAR     00000000 00000000  00->NULL   00->val 0000
op1   : 01->CONST   0000000B 00000003  03->STRING 01->ref 0002
        KeyWord: msg
op2   : 08->UNUSED  00000001 00000000  00->NULL   00->val 0000
----------------------------------------------------------------
[1] '$msg
....................................................................
Buf:  function tradelog
______________________________________________________________________
#0001: 0x3F ZEND_RECV   LineNo: 0x0017  Flags: 0x03()
result: 04->VAR     00000000 00000000  00->NULL   00->val 0000
op1   : 01->CONST   00000001 00000003  01->LONG   01->ref 0002
....................................................................
Buf:  function tradelog
______________________________________________________________________
#0002: 0x3B ZEND_INIT_FCALL_BY_NAME   LineNo: 0x0018  Flags: 0x04()
op2   : 01->CONST   FFFFFF71 00000005  03->STRING 01->ref 0002
        KeyWord: fopen
----------------------------------------------------------------
[1] 'fopen
====================================================================
 function tradelog($msg){
______________________________________________________________________
#0003: 0x41 ZEND_SEND_VAL   LineNo: 0x0018  Flags: 0x1E()
op1   : 01->CONST   0000000F 0000000A  03->STRING 01->ref 0002
        KeyWord: trader.log
op2   : 08->UNUSED  00000001 00000000  00->NULL   00->val 0000
        extended_value(from File): 003D
----------------------------------------------------------------
[1] 'fopen
....................................................................
Comment: Arg[1] = "trader.log"
______________________________________________________________________
#0004: 0x41 ZEND_SEND_VAL   LineNo: 0x0018  Flags: 0x1E()
op1   : 01->CONST   0000001A 00000001  03->STRING 01->ref 0002
        KeyWord: a
op2   : 08->UNUSED  00000002 00000000  00->NULL   00->val 0000
        extended_value(from File): 003D
----------------------------------------------------------------
[1] 'fopen
....................................................................
Comment: Arg[2] = "a"
______________________________________________________________________
#0005: 0x3D ZEND_DO_FCALL_BY_NAME   LineNo: 0x0018  Flags: 0x1B()
result: 04->VAR     00000002 00000000  00->NULL   00->val 0000
op1   : 01->CONST   FFFFFF71 00000005  03->STRING 01->ref 0002
        KeyWord: fopen
        extended_value(from File): 0002
----------------------------------------------------------------
[1] 'fopen("trader.log","a")
______________________________________________________________________
#0006: 0x53 ZEND_FETCH_W   LineNo: 0x0018  Flags: 0x07()
result: 04->VAR     00000001 00000000  00->NULL   00->val 0000
op1   : 01->CONST   0000001C 00000002  03->STRING 01->ref 0002
        KeyWord: fp
op2   : 08->UNUSED  00000001 00000000  00->NULL   00->val 0000
----------------------------------------------------------------
[1] 'fopen("trader.log","a")
[2] '$fp
______________________________________________________________________
#0007: 0x26 ZEND_ASSIGN   LineNo: 0x0018  Flags: 0x07()
result: 04->VAR     00000003 00000001  00->NULL   00->val 0000
op1   : 04->VAR     00000001 00000000  00->NULL   00->val 0000
op2   : 04->VAR     00000002 00000000  00->NULL   00->val 0000
====================================================================
$fp=fopen("trader.log","a");
______________________________________________________________________
#0008: 0x3B ZEND_INIT_FCALL_BY_NAME   LineNo: 0x0019  Flags: 0x04()
op2   : 01->CONST   FFFFFFA5 00000004  03->STRING 01->ref 0002
        KeyWord: date
----------------------------------------------------------------
[1] 'date
______________________________________________________________________
#0009: 0x41 ZEND_SEND_VAL   LineNo: 0x0019  Flags: 0x1E()
op1   : 01->CONST   0000001F 0000000F  03->STRING 01->ref 0002
        KeyWord: Y-m-d H:i:s => 
op2   : 08->UNUSED  00000001 00000000  00->NULL   00->val 0000
        extended_value(from File): 003D
----------------------------------------------------------------
[1] 'date
....................................................................
Comment: Arg[1] = "Y-m-d H:i:s => "
______________________________________________________________________
#000A: 0x3D ZEND_DO_FCALL_BY_NAME   LineNo: 0x0019  Flags: 0x0B()
result: 04->VAR     00000005 00000000  00->NULL   00->val 0000
op1   : 01->CONST   FFFFFFA5 00000004  03->STRING 01->ref 0002
        KeyWord: date
        extended_value(from Flag): 0001
----------------------------------------------------------------
[1] 'date("Y-m-d H:i:s => ")
______________________________________________________________________
#000B: 0x53 ZEND_FETCH_W   LineNo: 0x0019  Flags: 0x07()
result: 04->VAR     00000004 00000000  00->NULL   00->val 0000
op1   : 01->CONST   0000002F 00000007  03->STRING 01->ref 0002
        KeyWord: logdate
op2   : 08->UNUSED  00000001 00000000  00->NULL   00->val 0000
----------------------------------------------------------------
[1] 'date("Y-m-d H:i:s => ")
[2] '$logdate
______________________________________________________________________
#000C: 0x26 ZEND_ASSIGN   LineNo: 0x0019  Flags: 0x07()
result: 04->VAR     00000006 00000001  00->NULL   00->val 0000
op1   : 04->VAR     00000004 00000000  00->NULL   00->val 0000
op2   : 04->VAR     00000005 00000000  00->NULL   00->val 0000
====================================================================
$logdate=date("Y-m-d H:i:s => ");
______________________________________________________________________
#000D: 0x3B ZEND_INIT_FCALL_BY_NAME   LineNo: 0x001A  Flags: 0x04()
op2   : 01->CONST   FFFFFE53 0000000C  03->STRING 01->ref 0002
        KeyWord: preg_replace
----------------------------------------------------------------
[1] 'preg_replace
______________________________________________________________________
#000E: 0x41 ZEND_SEND_VAL   LineNo: 0x001A  Flags: 0x1E()
op1   : 01->CONST   00000037 00000005  03->STRING 01->ref 0002
        KeyWord: /\s+/
op2   : 08->UNUSED  00000001 00000000  00->NULL   00->val 0000
        extended_value(from File): 003D
----------------------------------------------------------------
[1] 'preg_replace
....................................................................
Comment: Arg[1] = "/\s+/"
______________________________________________________________________
#000F: 0x41 ZEND_SEND_VAL   LineNo: 0x001A  Flags: 0x1E()
op1   : 01->CONST   0000003D 00000001  03->STRING 01->ref 0002
        KeyWord:  
op2   : 08->UNUSED  00000002 00000000  00->NULL   00->val 0000
        extended_value(from File): 003D
----------------------------------------------------------------
[1] 'preg_replace
....................................................................
Comment: Arg[2] = " "
______________________________________________________________________
#0010: 0x5C ZEND_FETCH_FUNC_ARG   LineNo: 0x001A  Flags: 0x1F()
result: 04->VAR     00000008 00000000  00->NULL   00->val 0000
op1   : 01->CONST   0000003F 00000003  03->STRING 01->ref 0002
        KeyWord: msg
op2   : 08->UNUSED  00000001 00000000  00->NULL   00->val 0000
        extended_value(from File): 0003
----------------------------------------------------------------
[1] 'preg_replace
[2] '$msg
______________________________________________________________________
#0011: 0x42 ZEND_SEND_VAR   LineNo: 0x001A  Flags: 0x1E()
op1   : 04->VAR     00000008 00000000  00->NULL   00->val 0000
op2   : 08->UNUSED  00000003 00000000  00->NULL   00->val 0000
        extended_value(from File): 003D
----------------------------------------------------------------
[1] 'preg_replace
....................................................................
Comment: SHOULD_BE_SENT_BY_REF
______________________________________________________________________
#0012: 0x3D ZEND_DO_FCALL_BY_NAME   LineNo: 0x001A  Flags: 0x1B()
result: 04->VAR     00000009 00000000  00->NULL   00->val 0000
op1   : 01->CONST   FFFFFE53 0000000C  03->STRING 01->ref 0002
        KeyWord: preg_replace
        extended_value(from File): 0003
----------------------------------------------------------------
[1] 'preg_replace("/\s+/"," ",$msg)
______________________________________________________________________
#0013: 0x53 ZEND_FETCH_W   LineNo: 0x001A  Flags: 0x07()
result: 04->VAR     00000007 00000000  00->NULL   00->val 0000
op1   : 01->CONST   00000043 00000003  03->STRING 01->ref 0002
        KeyWord: msg
op2   : 08->UNUSED  00000001 00000000  00->NULL   00->val 0000
----------------------------------------------------------------
[1] 'preg_replace("/\s+/"," ",$msg)
[2] '$msg
______________________________________________________________________
#0014: 0x26 ZEND_ASSIGN   LineNo: 0x001A  Flags: 0x07()
result: 04->VAR     0000000A 00000001  00->NULL   00->val 0000
op1   : 04->VAR     00000007 00000000  00->NULL   00->val 0000
op2   : 04->VAR     00000009 00000000  00->NULL   00->val 0000
====================================================================
$msg=preg_replace("/\s+/"," ",$msg);
______________________________________________________________________
#0015: 0x3B ZEND_INIT_FCALL_BY_NAME   LineNo: 0x001B  Flags: 0x04()
op2   : 01->CONST   FFFFFF62 00000006  03->STRING 01->ref 0002
        KeyWord: fwrite
----------------------------------------------------------------
[1] 'fwrite
______________________________________________________________________
#0016: 0x5C ZEND_FETCH_FUNC_ARG   LineNo: 0x001B  Flags: 0x0F()
result: 04->VAR     0000000B 00000000  00->NULL   00->val 0000
op1   : 01->CONST   00000047 00000002  03->STRING 01->ref 0002
        KeyWord: fp
op2   : 08->UNUSED  00000001 00000000  00->NULL   00->val 0000
        extended_value(from Flag): 0001
----------------------------------------------------------------
[1] 'fwrite
[2] '$fp
______________________________________________________________________
#0017: 0x42 ZEND_SEND_VAR   LineNo: 0x001B  Flags: 0x1E()
op1   : 04->VAR     0000000B 00000000  00->NULL   00->val 0000
op2   : 08->UNUSED  00000001 00000000  00->NULL   00->val 0000
        extended_value(from File): 003D
----------------------------------------------------------------
[1] 'fwrite
....................................................................
Comment: SHOULD_BE_SENT_BY_REF
______________________________________________________________________
#0018: 0x50 ZEND_FETCH_R   LineNo: 0x001B  Flags: 0x07()
result: 04->VAR     0000000C 00000000  00->NULL   00->val 0000
op1   : 01->CONST   0000004A 00000007  03->STRING 01->ref 0002
        KeyWord: logdate
op2   : 08->UNUSED  00000001 00000000  00->NULL   00->val 0000
----------------------------------------------------------------
[1] 'fwrite
[2] '$logdate
______________________________________________________________________
#0019: 0x50 ZEND_FETCH_R   LineNo: 0x001B  Flags: 0x07()
result: 04->VAR     0000000D 00000000  00->NULL   00->val 0000
op1   : 01->CONST   00000052 00000003  03->STRING 01->ref 0002
        KeyWord: msg
op2   : 08->UNUSED  00000001 00000000  00->NULL   00->val 0000
----------------------------------------------------------------
[1] 'fwrite
[2] '$logdate
[3] '$msg
______________________________________________________________________
#001A: 0x08 ZEND_CONCAT   LineNo: 0x001B  Flags: 0x07()
result: 02->TMP_VAR 0000000E 00000000  00->NULL   00->val 0000
op1   : 04->VAR     0000000C 00000000  00->NULL   00->val 0000
op2   : 04->VAR     0000000D 00000000  00->NULL   00->val 0000
----------------------------------------------------------------
[1] 'fwrite
[2] '$logdate.$msg
______________________________________________________________________
#001B: 0x08 ZEND_CONCAT   LineNo: 0x001B  Flags: 0x07()
result: 02->TMP_VAR 0000000F 00000000  00->NULL   00->val 0000
op1   : 02->TMP_VAR 0000000E 00000000  00->NULL   00->val 0000
op2   : 01->CONST   00000056 00000001  03->STRING 01->ref 0002
        KeyWord: 

----------------------------------------------------------------
[1] 'fwrite
[2] '$logdate.$msg."\n"
______________________________________________________________________
#001C: 0x41 ZEND_SEND_VAL   LineNo: 0x001B  Flags: 0x1E()
op1   : 02->TMP_VAR 0000000F 00000000  00->NULL   00->val 0000
op2   : 08->UNUSED  00000002 00000000  00->NULL   00->val 0000
        extended_value(from File): 003D
----------------------------------------------------------------
[1] 'fwrite
....................................................................
Comment: Arg[2] = $logdate.$msg."\n"
______________________________________________________________________
#001D: 0x3D ZEND_DO_FCALL_BY_NAME   LineNo: 0x001B  Flags: 0x1B()
result: 04->VAR     00000010 00000001  00->NULL   00->val 0000
op1   : 01->CONST   FFFFFF62 00000006  03->STRING 01->ref 0002
        KeyWord: fwrite
        extended_value(from File): 0002
====================================================================
fwrite($fp,$logdate.$msg."\n");
______________________________________________________________________
#001E: 0x3B ZEND_INIT_FCALL_BY_NAME   LineNo: 0x001C  Flags: 0x04()
op2   : 01->CONST   FFFFFF86 00000006  03->STRING 01->ref 0002
        KeyWord: fclose
----------------------------------------------------------------
[1] 'fclose
______________________________________________________________________
#001F: 0x5C ZEND_FETCH_FUNC_ARG   LineNo: 0x001C  Flags: 0x0F()
result: 04->VAR     00000011 00000000  00->NULL   00->val 0000
op1   : 01->CONST   00000058 00000002  03->STRING 01->ref 0002
        KeyWord: fp
op2   : 08->UNUSED  00000001 00000000  00->NULL   00->val 0000
        extended_value(from Flag): 0001
----------------------------------------------------------------
[1] 'fclose
[2] '$fp
______________________________________________________________________
#0020: 0x42 ZEND_SEND_VAR   LineNo: 0x001C  Flags: 0x1E()
op1   : 04->VAR     00000011 00000000  00->NULL   00->val 0000
op2   : 08->UNUSED  00000001 00000000  00->NULL   00->val 0000
        extended_value(from File): 003D
----------------------------------------------------------------
[1] 'fclose
....................................................................
Comment: SHOULD_BE_SENT_BY_REF
______________________________________________________________________
#0021: 0x3D ZEND_DO_FCALL_BY_NAME   LineNo: 0x001C  Flags: 0x0B()
result: 04->VAR     00000012 00000001  00->NULL   00->val 0000
op1   : 01->CONST   FFFFFF86 00000006  03->STRING 01->ref 0002
        KeyWord: fclose
        extended_value(from Flag): 0001
====================================================================
fclose($fp);
______________________________________________________________________
#0022: 0x3E ZEND_RETURN   LineNo: 0x001D  Flags: 0x02()
op1   : 01->CONST   00000000 00000000  00->NULL   01->ref 0002
______________________________________________________________________
Classes: 0000
File sucessfully processes!

