========== Ioncube_Decoder 1.2.47  LogFile ==========

=========> S t a g e  0  -  Getting RawData (UnBase64-Raw.bin)

Opening D:\web-dir\cabinet\classes\DB.class.php
000003BB -> Start of ionCubeData...
000009A3 -> 000005E8 Bytes read.
IC_Base64_Marker: '0y4h' Decoding Base64->Bin...

=========> S t a g e  1  -  Validating RawData

ionCubeVersionType: A0780FF1 [Encrypted: 882BC103]
ioncube_Version_Type 5
Warning: this ioncube_Version_Type was not Tested.

=========> S t a g e  2  -  Processing RawData

RawBinData_Size: 00000818
FileSizeKey: 2395B4E7 (RawBinData_Size + 12321) Xor &H23958CDE
Header_FileSizeKey: 2395B4E4
Header_FileSizeKey and FileSizeKey are different! (Difference: 00000003)
Note: RawBinData_Size calculate from Header_FileSizeKey is: 0000081D  (Difference: 00000005)
Header_Size: 00000056 (InitKey for MT: 92E899F8)
Adler32_CRC for 'IC_Raw[0004]..[0076]' and calculated MATCH. CRC: A2643B3E

=========> S t a g e  3  -  Extracting Header from RawData (->IC_Header.bin)


=========> S t a g e  4  -  Interpreting IC_Header

IncludeXorKey[should be 0xE9FC23B1]: E9FC23B1
Customised error messages entries: 0x00
Include file protection entries: 0x00
Server restrictions entries: 0x02
 #1 MACs: 68:F7:28:29:6C:42:   | 
 #2 MACs: 60:EB:69:53:13:99:   | 
Adler32_CRC for '<?php //... ?>' and calculated MATCH. CRC: FF6F3BF0
IC_HeaderEx start: 001E
IC_HeaderEx end: 0046   IC_Header HeaderSize: 0056

=========> S t a g e  5  -  Interpreting IC_HeaderEx

0001 <-IC_Type_Minor
0004 <-IC_Type_Major
00000027 <-PhpFlags
  0x0001  0001
  0x0002  0002 
  0x0004  0004 
  0x0020  Allow run with untrusted server extensions

EncoderVersion(Generation? 03): 06.00 Enhancement 10
IC Encoder Registration data(MemberID): 0x9812
Bytecode_MT_XorKey: 0007BE43 ( ((((Bytecode_MT_InitKey * 0x92492493)>>32) + Bytecode_MT_InitKey) >> 2) - 13 * SrvRestrictionsItems
Copy of IncludeXorKey in Header_MoreData: 0xE9FC23B1
unused Data(maybe they're used on Unix): 00000000 0C831500 EBBF
other data: 00 00
EvalTimeMin: 28/01/2016 02.12.45   19A0D616 '+0500DA46'=>56A9791D seconds since 1.1.1970
EvalTimeMax: 01/01/2017   53676C3A '+3D08A307'=>58684680 seconds since 1.1.1970
BodyStartOffset: 0x0000007E

=========> S t a g e  6  -  Extracting & Inflating IC_body from RawData (->IC_body.bin)

00000082  Body_MT_Seed: F722DCFF

=========> S t a g e  7  -  Reading IC_body.bin


=========> S t a g e  8  -  Read function body data

Reading Body
00000004 -> 00000003
S2[Fixed Size 0x40]:
00000046 ->  00000002
 Skipped3 ->  00000000
 FuncNameStart ->  00000000 02962CB0
 CmdData ->  02C34010
 Args ->  00000007
 ArgsMin ->  00000007
 php4Extra ->  00000004 00000000 00000000 FFFFFFFF 00535B00 00000000
 Skipped1 ->  00000000 00000000 00000000
 PHPFileNamePtr -> 
 
00000045 -> FunctionName:  function {MainFunction}
 
0000004E -> 00000007<-CmdCount
byteCmds[Elementsize=0x4] Elements: 00000007
Command(Encrypted)  Line
------------------------
   0135  0003
   0350  0003
   0751  0003
   0738  0003
   0737  0003
   0749  0003
   023E  0030
CmdParams[Elementsize=0x10] Elements: 00000010
Type      Op1       Op2       Flags
-----------------------------------
00000002   00000000   00000000   00000000
00000004   00000001   00000000   00000000
00000001   FFFFFFF6   00000007   00020103
00000004   00000002   00000000   00000000
00000004   00000001   00000000   00000000
00000001   00000002   0000000D   00020103
00000002   00000000   00000000   00000000
00000002   00000000   00000000   00000000
00000004   00000002   00000000   00000000
00000002   00000000   00000000   00000000
00000002   00000000   00000000   00000000
00000001   00000010   0000001D   00020103
00000004   00000003   00000001   00000000
00000002   00000000   00000000   00000000
00000008   00000002   00000000   00000000
00000001   00000001   00535B00   00020101
StringData [0000002E]
000001A4 -> C0 DE 44 4F 43 55 4D 45 4E 54 5F 52 4F 4F 54 00 2F 63 6C 61 73 73 65 73 2F 63 6C 61 73 73 5F 64 62 5F 70 64 6F 2E 69 6E 63 2E 70 68 70 00 
ÀÞDOCUMENT_ROOT./classes/class_db_pdo.inc.php.
Length of unprocessed data: 00000D0B

=========> S t a g e  9  -  Interpreting IC_body/ByteCode

#0000: 0x35 ZEND_INIT_STRING   LineNo: 0x0003  Flags: 0x01()
result: 02->TMP_VAR 00000000 00000000  00->NULL   00->val 0000
______________________________________________________________________
#0001: 0x50 ZEND_FETCH_R   LineNo: 0x0003  Flags: 0x03()
result: 04->VAR     00000001 00000000  00->NULL   00->val 0000
op1   : 01->CONST   FFFFFFF6 00000007  03->STRING 01->ref 0002
        KeyWord: _SERVER
----------------------------------------------------------------
[1] '$_SERVER
______________________________________________________________________
#0002: 0x51 ZEND_FETCH_DIM_R   LineNo: 0x0003  Flags: 0x07()
result: 04->VAR     00000002 00000000  00->NULL   00->val 0000
op1   : 04->VAR     00000001 00000000  00->NULL   00->val 0000
op2   : 01->CONST   00000002 0000000D  03->STRING 01->ref 0002
        KeyWord: DOCUMENT_ROOT
----------------------------------------------------------------
[1] '$_SERVER
______________________________________________________________________
#0003: 0x38 ZEND_ADD_VAR   LineNo: 0x0003  Flags: 0x07()
result: 02->TMP_VAR 00000000 00000000  00->NULL   00->val 0000
op1   : 02->TMP_VAR 00000000 00000000  00->NULL   00->val 0000
op2   : 04->VAR     00000002 00000000  00->NULL   00->val 0000
----------------------------------------------------------------
[1] '$_SERVER
______________________________________________________________________
#0004: 0x37 ZEND_ADD_STRING   LineNo: 0x0003  Flags: 0x07()
result: 02->TMP_VAR 00000000 00000000  00->NULL   00->val 0000
op1   : 02->TMP_VAR 00000000 00000000  00->NULL   00->val 0000
op2   : 01->CONST   00000010 0000001D  03->STRING 01->ref 0002
        KeyWord: /classes/class_db_pdo.inc.php
----------------------------------------------------------------
[1] '$_SERVER
______________________________________________________________________
#0005: 0x49 ZEND_INCLUDE_OR_EVAL   LineNo: 0x0003  Flags: 0x07()
result: 04->VAR     00000003 00000001  00->NULL   00->val 0000
op1   : 02->TMP_VAR 00000000 00000000  00->NULL   00->val 0000
op2   : 08->UNUSED  00000002 00000000  00->NULL   00->val 0000
----------------------------------------------------------------
[1] '$_SERVER
Correcting Stack error...
====================================================================
$_SERVER;
______________________________________________________________________
#0006: 0x3E ZEND_RETURN   LineNo: 0x0030  Flags: 0x02()
op1   : 01->CONST   00000001 00535B00  01->LONG   01->ref 0002
====================================================================
Return (1);
______________________________________________________________________
FunctionsCount: 0000
Classes: 0001
Class #1
class_type: 02
Class_Name: db
S2_Type: 00
Class_Name2: db
----------------- Methode #1

=========> S t a g e  8  -  Read function body data

Reading Body
000001C1 -> 00000014
S2[Fixed Size 0x40]:
00000206 ->  02500102
 Skipped3 ->  00000000
 FuncNameStart ->  00000002 02F0A108
 CmdData ->  02C8D608
 Args ->  00000008
 ArgsMin ->  00000008
 php4Extra ->  00000005 00000000 00000000 FFFFFFFF 0018AE00 00000000
 Skipped1 ->  00000000 00000000 00180100
 PHPFileNamePtr -> 
 
00000205 -> FunctionName:  function db
 
0000020E -> 00000008<-CmdCount
byteCmds[Elementsize=0x4] Elements: 00000009
Command(Encrypted)  Line
------------------------
   0344  0014
   0645  0014
   1E3B  0014
   0003  0000
   073D  0014
   0753  0014
   0755  0014
   0726  0014
   023E  0015
CmdParams[Elementsize=0x10] Elements: 00000013
Type      Op1       Op2       Flags
-----------------------------------
00000004   00000002   00000000   00000000
00000001   00000005   00000006   00020103
00000004   00000002   00000000   00000000
00000008   00000004   00000000   00000000
00000004   00000002   00000000   00000000
00000001   0000000C   00000006   00020103
00000004   00000003   00000001   00000000
00000001   00000013   00000006   00020103
00000008   00000001   00000000   00000000
00000004   00000000   00000000   00000000
00000001   FFFFFFF3   00000004   00020103
00000008   00000001   00000000   00000000
00000004   00000001   00000000   00000000
00000004   00000000   00000000   00000000
00000001   0000001A   00000003   00020103
00000004   00000004   00000001   00000000
00000004   00000001   00000000   00000000
00000004   00000002   00000000   00000000
00000001   00000000   00000000   00020100
StringData [0000001E]
0000038C -> C0 DE 64 62 00 63 6F 6E 6E 44 42 00 63 6F 6E 6E 44 42 00 63 6F 6E 6E 44 42 00 64 62 32 00 
ÀÞdb.connDB.connDB.connDB.db2.
Length of unprocessed data: 00000B23

=========> S t a g e  9  -  Interpreting IC_body/ByteCode

#0000: 0x44 ZEND_NEW   LineNo: 0x0014  Flags: 0x03()
result: 04->VAR     00000002 00000000  00->NULL   00->val 0000
op1   : 01->CONST   00000005 00000006  03->STRING 01->ref 0002
        KeyWord: connDB
====================================================================
 function db(){
______________________________________________________________________
#0001: 0x45 ZEND_JMP_NO_CTOR   LineNo: 0x0014  Flags: 0x06()
op1   : 04->VAR     00000002 00000000  00->NULL   00->val 0000
op2   : 08->UNUSED  00000004 00000000  00->NULL   00->val 0000
______________________________________________________________________
#0002: 0x3B ZEND_INIT_FCALL_BY_NAME   LineNo: 0x0014  Flags: 0x1E()
op1   : 04->VAR     00000002 00000000  00->NULL   00->val 0000
op2   : 01->CONST   0000000C 00000006  03->STRING 01->ref 0002
        KeyWord: connDB
        extended_value(from File): 0003
----------------------------------------------------------------
[1] 'connDB
______________________________________________________________________
#0003: 0x3D ZEND_DO_FCALL_BY_NAME   LineNo: 0x0014  Flags: 0x07()
result: 04->VAR     00000003 00000001  00->NULL   00->val 0000
op1   : 01->CONST   00000013 00000006  03->STRING 01->ref 0002
        KeyWord: connDB
op2   : 08->UNUSED  00000001 00000000  00->NULL   00->val 0000
====================================================================
connDB();
______________________________________________________________________
#0004: 0x53 ZEND_FETCH_W   LineNo: 0x0014  Flags: 0x07()
result: 04->VAR     00000000 00000000  00->NULL   00->val 0000
op1   : 01->CONST   FFFFFFF3 00000004  03->STRING 01->ref 0002
        KeyWord: this
op2   : 08->UNUSED  00000001 00000000  00->NULL   00->val 0000
----------------------------------------------------------------
[1] '$this
______________________________________________________________________
#0005: 0x55 ZEND_FETCH_OBJ_W   LineNo: 0x0014  Flags: 0x07()
result: 04->VAR     00000001 00000000  00->NULL   00->val 0000
op1   : 04->VAR     00000000 00000000  00->NULL   00->val 0000
op2   : 01->CONST   0000001A 00000003  03->STRING 01->ref 0002
        KeyWord: db2
----------------------------------------------------------------
[1] '$this
______________________________________________________________________
#0006: 0x26 ZEND_ASSIGN   LineNo: 0x0014  Flags: 0x07()
result: 04->VAR     00000004 00000001  00->NULL   00->val 0000
op1   : 04->VAR     00000001 00000000  00->NULL   00->val 0000
op2   : 04->VAR     00000002 00000000  00->NULL   00->val 0000
----------------------------------------------------------------
[1] '$this
Correcting Stack error...
====================================================================
$this;
______________________________________________________________________
#0007: 0x3E ZEND_RETURN   LineNo: 0x0015  Flags: 0x02()
op1   : 01->CONST   00000000 00000000  00->NULL   01->ref 0002
______________________________________________________________________
----------------- Methode #2

=========> S t a g e  8  -  Read function body data

Reading Body
00000390 -> 00000017
S2[Fixed Size 0x40]:
000003DC ->  02500102
 Skipped3 ->  00000000
 FuncNameStart ->  00000002 02BE2A70
 CmdData ->  02E84B18
 Args ->  00000004
 ArgsMin ->  00000004
 php4Extra ->  00000002 00000000 00000000 FFFFFFFF 0018C300 00000000
 Skipped1 ->  00000000 00000000 00180100
 PHPFileNamePtr -> 
 
000003DB -> FunctionName:  function select_db
 
000003E4 -> 00000004<-CmdCount
byteCmds[Elementsize=0x4] Elements: 00000004
Command(Encrypted)  Line
------------------------
   0753  0017
   033F  0017
   0363  0018
   023E  0018
CmdParams[Elementsize=0x10] Elements: 00000008
Type      Op1       Op2       Flags
-----------------------------------
00000004   00000000   00000000   00000000
00000001   0000000C   00000003   00020103
00000008   00000001   00000000   00000000
00000004   00000000   00000000   00000000
00000001   00000001   00000003   00020101
00000002   00000001   00000000   00000000
00000001   00000010   00000004   00020103
00000002   00000001   00000000   00000000
StringData [00000015]
00000495 -> C0 DE 73 65 6C 65 63 74 5F 64 62 00 64 62 32 00 74 72 75 65 00 
ÀÞselect_db.db2.true.
Length of unprocessed data: 00000A1A

=========> S t a g e  9  -  Interpreting IC_body/ByteCode

#0000: 0x53 ZEND_FETCH_W   LineNo: 0x0017  Flags: 0x07()
result: 04->VAR     00000000 00000000  00->NULL   00->val 0000
op1   : 01->CONST   0000000C 00000003  03->STRING 01->ref 0002
        KeyWord: db2
op2   : 08->UNUSED  00000001 00000000  00->NULL   00->val 0000
----------------------------------------------------------------
[1] '$db2
....................................................................
Buf:  function select_db
______________________________________________________________________
#0001: 0x3F ZEND_RECV   LineNo: 0x0017  Flags: 0x03()
result: 04->VAR     00000000 00000000  00->NULL   00->val 0000
op1   : 01->CONST   00000001 00000003  01->LONG   01->ref 0002
....................................................................
Buf:  function select_db
______________________________________________________________________
#0002: 0x63 ZEND_FETCH_CONSTANT   LineNo: 0x0018  Flags: 0x03()
result: 02->TMP_VAR 00000001 00000000  00->NULL   00->val 0000
op1   : 01->CONST   00000010 00000004  03->STRING 01->ref 0002
        KeyWord: true
----------------------------------------------------------------
[1] 'true
====================================================================
 function select_db($db2){
______________________________________________________________________
#0003: 0x3E ZEND_RETURN   LineNo: 0x0018  Flags: 0x02()
op1   : 02->TMP_VAR 00000001 00000000  00->NULL   00->val 0000
====================================================================
Return (true);
}
______________________________________________________________________
----------------- Methode #3

=========> S t a g e  8  -  Read function body data

Reading Body
00000499 -> 0000001B
S2[Fixed Size 0x40]:
000004E9 ->  02500102
 Skipped3 ->  00000000
 FuncNameStart ->  00000002 02BD5230
 CmdData ->  02F0DDF8
 Args ->  00000012
 ArgsMin ->  00000012
 php4Extra ->  0000000F 00000000 00000000 FFFFFFFF 0018C300 00000000
 Skipped1 ->  00000000 00000000 00180100
 PHPFileNamePtr -> 
 
000004E8 -> FunctionName:  function execresultset
 
000004F1 -> 00000012<-CmdCount
byteCmds[Elementsize=0x4] Elements: 00000013
Command(Encrypted)  Line
------------------------
   0753  001B
   033F  001B
   0753  001C
   0755  001C
   0F3B  001C
   0F5C  001C
   1E42  001C
   003D  0000
   0B3D  001C
   0753  001C
   0726  001C
   0753  001D
   0755  001D
   0F3B  001D
   033D  001D
   0753  001D
   0726  001D
   0750  001E
   023E  001E
CmdParams[Elementsize=0x10] Elements: 00000030
Type      Op1       Op2       Flags
-----------------------------------
00000004   00000000   00000000   00000000
00000001   00000010   0000000B   00020103
00000008   00000001   00000000   00000000
00000004   00000000   00000000   00000000
00000001   00000001   0000000B   00020101
00000004   00000002   00000000   00000000
00000001   FFFFFFF3   00000004   00020103
00000008   00000001   00000000   00000000
00000004   00000003   00000000   00000000
00000004   00000002   00000000   00000000
00000001   0000001C   00000003   00020103
00000004   00000004   00000000   00000000
00000004   00000003   00000000   00000000
00000001   FFFFFF8C   00000004   00020103
00000004   00000005   00000000   00000000
00000001   00000020   0000000B   00020103
00000008   00000001   00000000   00000000
00000004   00000005   00000000   00000000
00000008   00000001   00000000   00000000
00000004   00000006   00000000   00000000
00000004   00000004   00000000   00000000
00000004   00000001   00000000   00000000
00000001   0000002C   00000006   00020103
00000008   00000001   00000000   00000000
00000004   00000007   00000001   00000000
00000004   00000001   00000000   00000000
00000004   00000006   00000000   00000000
00000004   00000009   00000000   00000000
00000001   FFFFFFF3   00000004   00020103
00000008   00000001   00000000   00000000
00000004   0000000A   00000000   00000000
00000004   00000009   00000000   00000000
00000001   00000033   00000003   00020103
00000004   0000000B   00000000   00000000
00000004   0000000A   00000000   00000000
00000001   00000037   00000009   00020103
00000004   0000000C   00000000   00000000
00000004   0000000B   00000000   00000000
00000004   00000008   00000000   00000000
00000001   00000041   00000004   00020103
00000008   00000001   00000000   00000000
00000004   0000000D   00000001   00000000
00000004   00000008   00000000   00000000
00000004   0000000C   00000000   00000000
00000004   0000000E   00000000   00000000
00000001   00000046   00000004   00020103
00000008   00000001   00000000   00000000
00000004   0000000E   00000000   00000000
StringData [0000004B]
00000894 -> C0 DE 65 78 65 63 72 65 73 75 6C 74 73 65 74 00 71 75 65 72 79 73 74 72 69 6E 67 00 64 62 32 00 71 75 65 72 79 73 74 72 69 6E 67 00 72 65 73 75 6C 74 00 64 62 32 00 72 65 73 75 6C 74 73 65 74 00 72 6F 77 73 00 72 6F 77 73 00 
ÀÞexecresultset.querystring.db2.querystring.result.db2.resultset.rows.rows.
Length of unprocessed data: 0000061B

=========> S t a g e  9  -  Interpreting IC_body/ByteCode

#0000: 0x53 ZEND_FETCH_W   LineNo: 0x001B  Flags: 0x07()
result: 04->VAR     00000000 00000000  00->NULL   00->val 0000
op1   : 01->CONST   00000010 0000000B  03->STRING 01->ref 0002
        KeyWord: querystring
op2   : 08->UNUSED  00000001 00000000  00->NULL   00->val 0000
----------------------------------------------------------------
[1] '$querystring
....................................................................
Buf:  function execresultset
______________________________________________________________________
#0001: 0x3F ZEND_RECV   LineNo: 0x001B  Flags: 0x03()
result: 04->VAR     00000000 00000000  00->NULL   00->val 0000
op1   : 01->CONST   00000001 0000000B  01->LONG   01->ref 0002
....................................................................
Buf:  function execresultset
______________________________________________________________________
#0002: 0x53 ZEND_FETCH_W   LineNo: 0x001C  Flags: 0x07()
result: 04->VAR     00000002 00000000  00->NULL   00->val 0000
op1   : 01->CONST   FFFFFFF3 00000004  03->STRING 01->ref 0002
        KeyWord: this
op2   : 08->UNUSED  00000001 00000000  00->NULL   00->val 0000
----------------------------------------------------------------
[1] '$this
....................................................................
Buf:  function execresultset
______________________________________________________________________
#0003: 0x55 ZEND_FETCH_OBJ_W   LineNo: 0x001C  Flags: 0x07()
result: 04->VAR     00000003 00000000  00->NULL   00->val 0000
op1   : 04->VAR     00000002 00000000  00->NULL   00->val 0000
op2   : 01->CONST   0000001C 00000003  03->STRING 01->ref 0002
        KeyWord: db2
----------------------------------------------------------------
[1] '$this
====================================================================
 function execresultset($querystring){
______________________________________________________________________
#0004: 0x3B ZEND_INIT_FCALL_BY_NAME   LineNo: 0x001C  Flags: 0x0F()
result: 04->VAR     00000004 00000000  00->NULL   00->val 0000
op1   : 04->VAR     00000003 00000000  00->NULL   00->val 0000
op2   : 01->CONST   FFFFFF8C 00000004  03->STRING 01->ref 0002
        KeyWord: exec
        extended_value(from Flag): 0001
----------------------------------------------------------------
[1] '$this
[2] 'exec
______________________________________________________________________
#0005: 0x5C ZEND_FETCH_FUNC_ARG   LineNo: 0x001C  Flags: 0x0F()
result: 04->VAR     00000005 00000000  00->NULL   00->val 0000
op1   : 01->CONST   00000020 0000000B  03->STRING 01->ref 0002
        KeyWord: querystring
op2   : 08->UNUSED  00000001 00000000  00->NULL   00->val 0000
        extended_value(from Flag): 0001
----------------------------------------------------------------
[1] '$this
[2] 'exec
[3] '$querystring
______________________________________________________________________
#0006: 0x42 ZEND_SEND_VAR   LineNo: 0x001C  Flags: 0x1E()
op1   : 04->VAR     00000005 00000000  00->NULL   00->val 0000
op2   : 08->UNUSED  00000001 00000000  00->NULL   00->val 0000
        extended_value(from File): 003D
----------------------------------------------------------------
[1] '$this
[2] 'exec
....................................................................
Comment: SHOULD_BE_SENT_BY_REF
______________________________________________________________________
#0007: 0x3D ZEND_DO_FCALL_BY_NAME   LineNo: 0x001C  Flags: 0x0B()
result: 04->VAR     00000006 00000000  00->NULL   00->val 0000
op1   : 04->VAR     00000004 00000000  00->NULL   00->val 0000
        extended_value(from Flag): 0001
----------------------------------------------------------------
[1] '$this
[2] 'exec($querystring)
______________________________________________________________________
#0008: 0x53 ZEND_FETCH_W   LineNo: 0x001C  Flags: 0x07()
result: 04->VAR     00000001 00000000  00->NULL   00->val 0000
op1   : 01->CONST   0000002C 00000006  03->STRING 01->ref 0002
        KeyWord: result
op2   : 08->UNUSED  00000001 00000000  00->NULL   00->val 0000
----------------------------------------------------------------
[1] '$this
[2] 'exec($querystring)
[3] '$result
______________________________________________________________________
#0009: 0x26 ZEND_ASSIGN   LineNo: 0x001C  Flags: 0x07()
result: 04->VAR     00000007 00000001  00->NULL   00->val 0000
op1   : 04->VAR     00000001 00000000  00->NULL   00->val 0000
op2   : 04->VAR     00000006 00000000  00->NULL   00->val 0000
----------------------------------------------------------------
[1] '$this
Correcting Stack error...
====================================================================
$result=exec($querystring)$this;
______________________________________________________________________
#000A: 0x53 ZEND_FETCH_W   LineNo: 0x001D  Flags: 0x07()
result: 04->VAR     00000009 00000000  00->NULL   00->val 0000
op1   : 01->CONST   FFFFFFF3 00000004  03->STRING 01->ref 0002
        KeyWord: this
op2   : 08->UNUSED  00000001 00000000  00->NULL   00->val 0000
----------------------------------------------------------------
[1] '$this
______________________________________________________________________
#000B: 0x55 ZEND_FETCH_OBJ_W   LineNo: 0x001D  Flags: 0x07()
result: 04->VAR     0000000A 00000000  00->NULL   00->val 0000
op1   : 04->VAR     00000009 00000000  00->NULL   00->val 0000
op2   : 01->CONST   00000033 00000003  03->STRING 01->ref 0002
        KeyWord: db2
----------------------------------------------------------------
[1] '$this
______________________________________________________________________
#000C: 0x3B ZEND_INIT_FCALL_BY_NAME   LineNo: 0x001D  Flags: 0x0F()
result: 04->VAR     0000000B 00000000  00->NULL   00->val 0000
op1   : 04->VAR     0000000A 00000000  00->NULL   00->val 0000
op2   : 01->CONST   00000037 00000009  03->STRING 01->ref 0002
        KeyWord: resultset
        extended_value(from Flag): 0001
----------------------------------------------------------------
[1] '$this
[2] 'resultset
______________________________________________________________________
#000D: 0x3D ZEND_DO_FCALL_BY_NAME   LineNo: 0x001D  Flags: 0x03()
result: 04->VAR     0000000C 00000000  00->NULL   00->val 0000
op1   : 04->VAR     0000000B 00000000  00->NULL   00->val 0000
----------------------------------------------------------------
[1] '$this
[2] 'resultset()
______________________________________________________________________
#000E: 0x53 ZEND_FETCH_W   LineNo: 0x001D  Flags: 0x07()
result: 04->VAR     00000008 00000000  00->NULL   00->val 0000
op1   : 01->CONST   00000041 00000004  03->STRING 01->ref 0002
        KeyWord: rows
op2   : 08->UNUSED  00000001 00000000  00->NULL   00->val 0000
----------------------------------------------------------------
[1] '$this
[2] 'resultset()
[3] '$rows
______________________________________________________________________
#000F: 0x26 ZEND_ASSIGN   LineNo: 0x001D  Flags: 0x07()
result: 04->VAR     0000000D 00000001  00->NULL   00->val 0000
op1   : 04->VAR     00000008 00000000  00->NULL   00->val 0000
op2   : 04->VAR     0000000C 00000000  00->NULL   00->val 0000
----------------------------------------------------------------
[1] '$this
Correcting Stack error...
====================================================================
$rows=resultset()$this;
______________________________________________________________________
#0010: 0x50 ZEND_FETCH_R   LineNo: 0x001E  Flags: 0x07()
result: 04->VAR     0000000E 00000000  00->NULL   00->val 0000
op1   : 01->CONST   00000046 00000004  03->STRING 01->ref 0002
        KeyWord: rows
op2   : 08->UNUSED  00000001 00000000  00->NULL   00->val 0000
----------------------------------------------------------------
[1] '$rows
______________________________________________________________________
#0011: 0x3E ZEND_RETURN   LineNo: 0x001E  Flags: 0x02()
op1   : 04->VAR     0000000E 00000000  00->NULL   00->val 0000
====================================================================
Return ($rows);
}
______________________________________________________________________
----------------- Methode #4

=========> S t a g e  8  -  Read function body data

Reading Body
00000898 -> 00000021
S2[Fixed Size 0x40]:
000008E3 ->  02500202
 Skipped3 ->  00000000
 FuncNameStart ->  00000002 029A0888
 CmdData ->  02C32E38
 Args ->  00000009
 ArgsMin ->  00000009
 php4Extra ->  00000006 00000000 00000000 FFFFFFFF 0018C300 00000000
 Skipped1 ->  00000000 00000000 00180100
 PHPFileNamePtr -> 
 
000008E2 -> FunctionName:  function execonly
 
000008EB -> 00000009<-CmdCount
byteCmds[Elementsize=0x4] Elements: 0000000A
Command(Encrypted)  Line
------------------------
   0753  0021
   033F  0021
   0753  0022
   0755  0022
   0F3B  0022
   0F5C  0022
   1E42  0022
   003D  0000
   0B3D  0022
   023E  0023
CmdParams[Elementsize=0x10] Elements: 00000016
Type      Op1       Op2       Flags
-----------------------------------
00000004   00000000   00000000   00000000
00000001   0000000B   0000000B   00020103
00000008   00000001   00000000   00000000
00000004   00000000   00000000   00000000
00000001   00000001   0000000B   00020101
00000004   00000001   00000000   00000000
00000001   FFFFFFF3   00000004   00020103
00000008   00000001   00000000   00000000
00000004   00000002   00000000   00000000
00000004   00000001   00000000   00000000
00000001   00000017   00000003   00020103
00000004   00000003   00000000   00000000
00000004   00000002   00000000   00000000
00000001   FFFFFF8C   00000004   00020103
00000004   00000004   00000000   00000000
00000001   0000001B   0000000B   00020103
00000008   00000001   00000000   00000000
00000004   00000004   00000000   00000000
00000008   00000001   00000000   00000000
00000004   00000005   00000001   00000000
00000004   00000003   00000000   00000000
00000001   00000001   00000001   00020101
StringData [00000027]
00000AA6 -> C0 DE 65 78 65 63 6F 6E 6C 79 00 71 75 65 72 79 73 74 72 69 6E 67 00 64 62 32 00 71 75 65 72 79 73 74 72 69 6E 67 00 
ÀÞexeconly.querystring.db2.querystring.
Length of unprocessed data: 00000409

=========> S t a g e  9  -  Interpreting IC_body/ByteCode

#0000: 0x53 ZEND_FETCH_W   LineNo: 0x0021  Flags: 0x07()
result: 04->VAR     00000000 00000000  00->NULL   00->val 0000
op1   : 01->CONST   0000000B 0000000B  03->STRING 01->ref 0002
        KeyWord: querystring
op2   : 08->UNUSED  00000001 00000000  00->NULL   00->val 0000
----------------------------------------------------------------
[1] '$querystring
....................................................................
Buf:  function execonly
______________________________________________________________________
#0001: 0x3F ZEND_RECV   LineNo: 0x0021  Flags: 0x03()
result: 04->VAR     00000000 00000000  00->NULL   00->val 0000
op1   : 01->CONST   00000001 0000000B  01->LONG   01->ref 0002
....................................................................
Buf:  function execonly
______________________________________________________________________
#0002: 0x53 ZEND_FETCH_W   LineNo: 0x0022  Flags: 0x07()
result: 04->VAR     00000001 00000000  00->NULL   00->val 0000
op1   : 01->CONST   FFFFFFF3 00000004  03->STRING 01->ref 0002
        KeyWord: this
op2   : 08->UNUSED  00000001 00000000  00->NULL   00->val 0000
----------------------------------------------------------------
[1] '$this
....................................................................
Buf:  function execonly
______________________________________________________________________
#0003: 0x55 ZEND_FETCH_OBJ_W   LineNo: 0x0022  Flags: 0x07()
result: 04->VAR     00000002 00000000  00->NULL   00->val 0000
op1   : 04->VAR     00000001 00000000  00->NULL   00->val 0000
op2   : 01->CONST   00000017 00000003  03->STRING 01->ref 0002
        KeyWord: db2
----------------------------------------------------------------
[1] '$this
====================================================================
 function execonly($querystring){
______________________________________________________________________
#0004: 0x3B ZEND_INIT_FCALL_BY_NAME   LineNo: 0x0022  Flags: 0x0F()
result: 04->VAR     00000003 00000000  00->NULL   00->val 0000
op1   : 04->VAR     00000002 00000000  00->NULL   00->val 0000
op2   : 01->CONST   FFFFFF8C 00000004  03->STRING 01->ref 0002
        KeyWord: exec
        extended_value(from Flag): 0001
----------------------------------------------------------------
[1] '$this
[2] 'exec
______________________________________________________________________
#0005: 0x5C ZEND_FETCH_FUNC_ARG   LineNo: 0x0022  Flags: 0x0F()
result: 04->VAR     00000004 00000000  00->NULL   00->val 0000
op1   : 01->CONST   0000001B 0000000B  03->STRING 01->ref 0002
        KeyWord: querystring
op2   : 08->UNUSED  00000001 00000000  00->NULL   00->val 0000
        extended_value(from Flag): 0001
----------------------------------------------------------------
[1] '$this
[2] 'exec
[3] '$querystring
______________________________________________________________________
#0006: 0x42 ZEND_SEND_VAR   LineNo: 0x0022  Flags: 0x1E()
op1   : 04->VAR     00000004 00000000  00->NULL   00->val 0000
op2   : 08->UNUSED  00000001 00000000  00->NULL   00->val 0000
        extended_value(from File): 003D
----------------------------------------------------------------
[1] '$this
[2] 'exec
....................................................................
Comment: SHOULD_BE_SENT_BY_REF
______________________________________________________________________
#0007: 0x3D ZEND_DO_FCALL_BY_NAME   LineNo: 0x0022  Flags: 0x0B()
result: 04->VAR     00000005 00000001  00->NULL   00->val 0000
op1   : 04->VAR     00000003 00000000  00->NULL   00->val 0000
        extended_value(from Flag): 0001
----------------------------------------------------------------
[1] '$this
Correcting Stack error...
====================================================================
exec($querystring)$this;
______________________________________________________________________
#0008: 0x3E ZEND_RETURN   LineNo: 0x0023  Flags: 0x02()
op1   : 01->CONST   00000001 00000001  01->LONG   01->ref 0002
====================================================================
Return (1);
}
______________________________________________________________________
----------------- Methode #5

=========> S t a g e  8  -  Read function body data

Reading Body
00000AAA -> 00000026
S2[Fixed Size 0x40]:
00000AF8 ->  02500202
 Skipped3 ->  00000000
 FuncNameStart ->  00000002 02F0A660
 CmdData ->  02E81BB8
 Args ->  00000010
 ArgsMin ->  00000010
 php4Extra ->  0000000D 00000000 00000000 FFFFFFFF 0018C300 00000000
 Skipped1 ->  00000000 00000000 00180100
 PHPFileNamePtr -> 
 
00000AF7 -> FunctionName:  function query_first
 
00000B00 -> 00000010<-CmdCount
byteCmds[Elementsize=0x4] Elements: 00000011
Command(Encrypted)  Line
------------------------
   0753  0026
   033F  0026
   0753  0027
   0755  0027
   0F3B  0027
   0F5C  0027
   1E42  0027
   003D  0000
   0B3D  0027
   0753  0028
   0755  0028
   0F3B  0028
   033D  0028
   0753  0028
   0726  0028
   0750  0029
   023E  0029
CmdParams[Elementsize=0x10] Elements: 0000002A
Type      Op1       Op2       Flags
-----------------------------------
00000004   00000000   00000000   00000000
00000001   0000000E   0000000B   00020103
00000008   00000001   00000000   00000000
00000004   00000000   00000000   00000000
00000001   00000001   0000000B   00020101
00000004   00000001   00000000   00000000
00000001   FFFFFFF3   00000004   00020103
00000008   00000001   00000000   00000000
00000004   00000002   00000000   00000000
00000004   00000001   00000000   00000000
00000001   0000001A   00000003   00020103
00000004   00000003   00000000   00000000
00000004   00000002   00000000   00000000
00000001   FFFFFF8C   00000004   00020103
00000004   00000004   00000000   00000000
00000001   0000001E   0000000B   00020103
00000008   00000001   00000000   00000000
00000004   00000004   00000000   00000000
00000008   00000001   00000000   00000000
00000004   00000005   00000001   00000000
00000004   00000003   00000000   00000000
00000004   00000007   00000000   00000000
00000001   FFFFFFF3   00000004   00020103
00000008   00000001   00000000   00000000
00000004   00000008   00000000   00000000
00000004   00000007   00000000   00000000
00000001   0000002A   00000003   00020103
00000004   00000009   00000000   00000000
00000004   00000008   00000000   00000000
00000001   0000002E   00000006   00020103
00000004   0000000A   00000000   00000000
00000004   00000009   00000000   00000000
00000004   00000006   00000000   00000000
00000001   00000035   00000003   00020103
00000008   00000001   00000000   00000000
00000004   0000000B   00000001   00000000
00000004   00000006   00000000   00000000
00000004   0000000A   00000000   00000000
00000004   0000000C   00000000   00000000
00000001   00000039   00000003   00020103
00000008   00000001   00000000   00000000
00000004   0000000C   00000000   00000000
StringData [0000003D]
00000E2D -> C0 DE 71 75 65 72 79 5F 66 69 72 73 74 00 71 75 65 72 79 73 74 72 69 6E 67 00 64 62 32 00 71 75 65 72 79 73 74 72 69 6E 67 00 64 62 32 00 73 69 6E 67 6C 65 00 72 6F 77 00 72 6F 77 00 
ÀÞquery_first.querystring.db2.querystring.db2.single.row.row.
Length of unprocessed data: 00000082

=========> S t a g e  9  -  Interpreting IC_body/ByteCode

#0000: 0x53 ZEND_FETCH_W   LineNo: 0x0026  Flags: 0x07()
result: 04->VAR     00000000 00000000  00->NULL   00->val 0000
op1   : 01->CONST   0000000E 0000000B  03->STRING 01->ref 0002
        KeyWord: querystring
op2   : 08->UNUSED  00000001 00000000  00->NULL   00->val 0000
----------------------------------------------------------------
[1] '$querystring
....................................................................
Buf:  function query_first
______________________________________________________________________
#0001: 0x3F ZEND_RECV   LineNo: 0x0026  Flags: 0x03()
result: 04->VAR     00000000 00000000  00->NULL   00->val 0000
op1   : 01->CONST   00000001 0000000B  01->LONG   01->ref 0002
....................................................................
Buf:  function query_first
______________________________________________________________________
#0002: 0x53 ZEND_FETCH_W   LineNo: 0x0027  Flags: 0x07()
result: 04->VAR     00000001 00000000  00->NULL   00->val 0000
op1   : 01->CONST   FFFFFFF3 00000004  03->STRING 01->ref 0002
        KeyWord: this
op2   : 08->UNUSED  00000001 00000000  00->NULL   00->val 0000
----------------------------------------------------------------
[1] '$this
....................................................................
Buf:  function query_first
______________________________________________________________________
#0003: 0x55 ZEND_FETCH_OBJ_W   LineNo: 0x0027  Flags: 0x07()
result: 04->VAR     00000002 00000000  00->NULL   00->val 0000
op1   : 04->VAR     00000001 00000000  00->NULL   00->val 0000
op2   : 01->CONST   0000001A 00000003  03->STRING 01->ref 0002
        KeyWord: db2
----------------------------------------------------------------
[1] '$this
====================================================================
 function query_first($querystring){
______________________________________________________________________
#0004: 0x3B ZEND_INIT_FCALL_BY_NAME   LineNo: 0x0027  Flags: 0x0F()
result: 04->VAR     00000003 00000000  00->NULL   00->val 0000
op1   : 04->VAR     00000002 00000000  00->NULL   00->val 0000
op2   : 01->CONST   FFFFFF8C 00000004  03->STRING 01->ref 0002
        KeyWord: exec
        extended_value(from Flag): 0001
----------------------------------------------------------------
[1] '$this
[2] 'exec
______________________________________________________________________
#0005: 0x5C ZEND_FETCH_FUNC_ARG   LineNo: 0x0027  Flags: 0x0F()
result: 04->VAR     00000004 00000000  00->NULL   00->val 0000
op1   : 01->CONST   0000001E 0000000B  03->STRING 01->ref 0002
        KeyWord: querystring
op2   : 08->UNUSED  00000001 00000000  00->NULL   00->val 0000
        extended_value(from Flag): 0001
----------------------------------------------------------------
[1] '$this
[2] 'exec
[3] '$querystring
______________________________________________________________________
#0006: 0x42 ZEND_SEND_VAR   LineNo: 0x0027  Flags: 0x1E()
op1   : 04->VAR     00000004 00000000  00->NULL   00->val 0000
op2   : 08->UNUSED  00000001 00000000  00->NULL   00->val 0000
        extended_value(from File): 003D
----------------------------------------------------------------
[1] '$this
[2] 'exec
....................................................................
Comment: SHOULD_BE_SENT_BY_REF
______________________________________________________________________
#0007: 0x3D ZEND_DO_FCALL_BY_NAME   LineNo: 0x0027  Flags: 0x0B()
result: 04->VAR     00000005 00000001  00->NULL   00->val 0000
op1   : 04->VAR     00000003 00000000  00->NULL   00->val 0000
        extended_value(from Flag): 0001
----------------------------------------------------------------
[1] '$this
Correcting Stack error...
====================================================================
exec($querystring)$this;
______________________________________________________________________
#0008: 0x53 ZEND_FETCH_W   LineNo: 0x0028  Flags: 0x07()
result: 04->VAR     00000007 00000000  00->NULL   00->val 0000
op1   : 01->CONST   FFFFFFF3 00000004  03->STRING 01->ref 0002
        KeyWord: this
op2   : 08->UNUSED  00000001 00000000  00->NULL   00->val 0000
----------------------------------------------------------------
[1] '$this
______________________________________________________________________
#0009: 0x55 ZEND_FETCH_OBJ_W   LineNo: 0x0028  Flags: 0x07()
result: 04->VAR     00000008 00000000  00->NULL   00->val 0000
op1   : 04->VAR     00000007 00000000  00->NULL   00->val 0000
op2   : 01->CONST   0000002A 00000003  03->STRING 01->ref 0002
        KeyWord: db2
----------------------------------------------------------------
[1] '$this
______________________________________________________________________
#000A: 0x3B ZEND_INIT_FCALL_BY_NAME   LineNo: 0x0028  Flags: 0x0F()
result: 04->VAR     00000009 00000000  00->NULL   00->val 0000
op1   : 04->VAR     00000008 00000000  00->NULL   00->val 0000
op2   : 01->CONST   0000002E 00000006  03->STRING 01->ref 0002
        KeyWord: single
        extended_value(from Flag): 0001
----------------------------------------------------------------
[1] '$this
[2] 'single
______________________________________________________________________
#000B: 0x3D ZEND_DO_FCALL_BY_NAME   LineNo: 0x0028  Flags: 0x03()
result: 04->VAR     0000000A 00000000  00->NULL   00->val 0000
op1   : 04->VAR     00000009 00000000  00->NULL   00->val 0000
----------------------------------------------------------------
[1] '$this
[2] 'single()
______________________________________________________________________
#000C: 0x53 ZEND_FETCH_W   LineNo: 0x0028  Flags: 0x07()
result: 04->VAR     00000006 00000000  00->NULL   00->val 0000
op1   : 01->CONST   00000035 00000003  03->STRING 01->ref 0002
        KeyWord: row
op2   : 08->UNUSED  00000001 00000000  00->NULL   00->val 0000
----------------------------------------------------------------
[1] '$this
[2] 'single()
[3] '$row
______________________________________________________________________
#000D: 0x26 ZEND_ASSIGN   LineNo: 0x0028  Flags: 0x07()
result: 04->VAR     0000000B 00000001  00->NULL   00->val 0000
op1   : 04->VAR     00000006 00000000  00->NULL   00->val 0000
op2   : 04->VAR     0000000A 00000000  00->NULL   00->val 0000
----------------------------------------------------------------
[1] '$this
Correcting Stack error...
====================================================================
$row=single()$this;
______________________________________________________________________
#000E: 0x50 ZEND_FETCH_R   LineNo: 0x0029  Flags: 0x07()
result: 04->VAR     0000000C 00000000  00->NULL   00->val 0000
op1   : 01->CONST   00000039 00000003  03->STRING 01->ref 0002
        KeyWord: row
op2   : 08->UNUSED  00000001 00000000  00->NULL   00->val 0000
----------------------------------------------------------------
[1] '$row
______________________________________________________________________
#000F: 0x3E ZEND_RETURN   LineNo: 0x0029  Flags: 0x02()
op1   : 04->VAR     0000000C 00000000  00->NULL   00->val 0000
====================================================================
Return ($row);
}
______________________________________________________________________
BasicType #1 host - n
.host  
BasicType #2 db2 - n
.db2  
BasicType #3 user - n
.user  
BasicType #4 password - n
.password  
BasicType #5 connection - n
.connection  
BasicType #6 connected - n
.connected  
BasicType #7 querystring - n
.querystring  
File sucessfully processes!

