2016-07-28 15:35:16 => ACCNO 1607121414 AMOUNT 1470000 OLD AMOUNT 31500
2016-07-28 15:35:16 => ACCNO 1607121419 AMOUNT 13873500 OLD AMOUNT 6290000
2016-07-28 15:35:16 => ACCNO 160712142 AMOUNT 471000 OLD AMOUNT 147000
2016-07-28 15:35:16 => ACCNO 1607121421 AMOUNT 105000 OLD AMOUNT 0
2016-07-28 15:35:17 => ACCNO 1607121422 AMOUNT 2751000 OLD AMOUNT 525000
2016-07-28 15:35:17 => ACCNO 1607121424 AMOUNT 157500 OLD AMOUNT 252000
2016-07-28 15:35:17 => ACCNO 1607121426 AMOUNT 2877000 OLD AMOUNT 1417500
2016-07-28 15:35:17 => ACCNO 1607121427 AMOUNT 324000 OLD AMOUNT 399000
2016-07-28 15:35:17 => ACCNO 1607121430 AMOUNT 7252500 OLD AMOUNT 6996000
2016-07-28 15:35:17 => ACCNO 1607121431 AMOUNT 147000 OLD AMOUNT 105000
2016-07-28 15:35:17 => ACCNO 1607121432 AMOUNT 493500 OLD AMOUNT 273000
2016-07-28 15:35:17 => ACCNO 1607121434 AMOUNT 241500 OLD AMOUNT 42000
2016-07-28 15:35:17 => ACCNO 1607121435 AMOUNT 3297000 OLD AMOUNT 2488500
2016-07-28 15:35:17 => ACCNO 1607121436 AMOUNT 849000 OLD AMOUNT 541500
2016-07-28 15:35:17 => ACCNO 1607121438 AMOUNT 955500 OLD AMOUNT 1081500
2016-07-28 15:35:17 => ACCNO 160712144 AMOUNT 189000 OLD AMOUNT 0
2016-07-28 15:35:17 => ACCNO 1607121440 AMOUNT 955500 OLD AMOUNT 609000
2016-07-28 15:35:17 => ACCNO 1607121443 AMOUNT 13178500 OLD AMOUNT 15578500
2016-07-28 15:35:17 => ACCNO 1607121446 AMOUNT 325500 OLD AMOUNT 168000
2016-07-28 15:35:17 => ACCNO 160712145 AMOUNT 13947000 OLD AMOUNT 5781500
2016-07-28 15:35:17 => ACCNO 1607121450 AMOUNT 441000 OLD AMOUNT 273000
2016-07-28 15:35:17 => ACCNO 1607121451 AMOUNT 472500 OLD AMOUNT 1123500
2016-07-28 15:35:17 => ACCNO 1607121452 AMOUNT 17286000 OLD AMOUNT 17128500
2016-07-28 15:35:17 => ACCNO 1607121457 AMOUNT 10331500 OLD AMOUNT 6279000
2016-07-28 15:35:17 => ACCNO 1607121462 AMOUNT 1113000 OLD AMOUNT 304500
2016-07-28 15:35:17 => ACCNO 1607121466 AMOUNT 1113000 OLD AMOUNT 829500
2016-07-28 15:35:17 => ACCNO 1607121469 AMOUNT 63000 OLD AMOUNT 168000
2016-07-28 15:35:17 => ACCNO 1607121470 AMOUNT 3051500 OLD AMOUNT 1029000
2016-07-28 15:35:17 => ACCNO 1607121471 AMOUNT 346500 OLD AMOUNT 417000
2016-07-28 15:35:17 => ACCNO 1607121472 AMOUNT 20260000 OLD AMOUNT 140168500
2016-07-28 15:35:17 => ACCNO 1607121473 AMOUNT 1103000 OLD AMOUNT 1797500
2016-07-28 15:35:17 => ACCNO 1607121474 AMOUNT 494500 OLD AMOUNT 63000
2016-07-28 15:35:17 => ACCNO 1607121475 AMOUNT 556500 OLD AMOUNT 126000
2016-07-28 15:35:17 => ACCNO 1607121477 AMOUNT 6153000 OLD AMOUNT 6090000
2016-07-28 15:35:17 => ACCNO 1607121478 AMOUNT 2073000 OLD AMOUNT 430500
2016-07-28 15:35:17 => ACCNO 160712148 AMOUNT 3112000 OLD AMOUNT 261000
2016-07-28 15:35:17 => ACCNO 1607121480 AMOUNT 1753500 OLD AMOUNT 1708500
2016-07-28 15:35:17 => ACCNO 1607121482 AMOUNT 52500 OLD AMOUNT 189000
2016-07-28 15:35:17 => ACCNO 160712149 AMOUNT 661500 OLD AMOUNT 1155000
2016-07-28 15:35:17 => ACCNO 1607150715 AMOUNT 1049000 OLD AMOUNT 332000
2016-07-28 15:35:17 => ACCNO 16071507210 AMOUNT 655000 OLD AMOUNT 390000
2016-07-28 15:35:17 => ACCNO 16071507265 AMOUNT 214000 OLD AMOUNT 0
2016-07-28 15:35:18 => ACCNO 16071507269 AMOUNT 2036000 OLD AMOUNT 0
2016-07-28 15:35:18 => ACCNO 16071507271 AMOUNT 110000 OLD AMOUNT 0
2016-07-28 15:35:18 => ACCNO 16071507273 AMOUNT 926000 OLD AMOUNT 0
2016-07-28 15:35:18 => ACCNO 16071507289 AMOUNT 2066000 OLD AMOUNT 0
2016-07-28 15:35:18 => ACCNO 16071507292 AMOUNT 52000 OLD AMOUNT 186000
2016-07-28 15:35:18 => ACCNO 16071507324 AMOUNT 633000 OLD AMOUNT 1370000
2016-07-28 15:35:18 => ACCNO 16071507326 AMOUNT 1353000 OLD AMOUNT 1855000
2016-07-28 15:35:18 => ACCNO 16071507330 AMOUNT 20170000 OLD AMOUNT 0
2016-07-28 15:35:18 => ACCNO 1607150737 AMOUNT 235000 OLD AMOUNT 0
2016-07-28 15:35:18 => ACCNO 16071507400 AMOUNT 1050000 OLD AMOUNT 812000
2016-07-28 15:35:18 => ACCNO 16071507438 AMOUNT 609000 OLD AMOUNT 0
2016-07-28 15:35:18 => ACCNO 16071507466 AMOUNT 201000 OLD AMOUNT 0
2016-07-28 15:35:18 => ACCNO 16071507499 AMOUNT 135000 OLD AMOUNT 37000
2016-07-28 15:35:18 => ACCNO 16071507516 AMOUNT 1168000 OLD AMOUNT 109000
2016-07-28 15:35:18 => ACCNO 1607150758 AMOUNT 121000 OLD AMOUNT 76000
2016-07-28 15:35:18 => ACCNO 160715076 AMOUNT 30000 OLD AMOUNT 122000
2016-07-28 15:35:18 => ACCNO 16071508620 AMOUNT 84000 OLD AMOUNT 50000
2016-07-28 15:36:51 => AccountList-66=3;SELECT TRIM(client_accounts.accountname) AS account FROM client_accounts,client_aecode WHERE client_accounts.accountname !='' AND client_accounts.aecodeid = client_aecode.aecodeid AND client_aecode.aecode = 'reza@thecabinetsystems.com' ORDER BY client_accounts.accountid desc
2016-07-28 15:36:52 => AccountList-66=3;SELECT TRIM(client_accounts.accountname) AS account FROM client_accounts,client_aecode WHERE client_accounts.accountname !='' AND client_accounts.aecodeid = client_aecode.aecodeid AND client_aecode.aecode = 'reza@thecabinetsystems.com' ORDER BY client_accounts.accountid desc
2016-07-28 15:36:52 => AccountList-66=3;SELECT TRIM(client_accounts.accountname) AS account FROM client_accounts,client_aecode WHERE client_accounts.accountname !='' AND client_accounts.aecodeid = client_aecode.aecodeid AND client_aecode.aecode = 'reza@thecabinetsystems.com' ORDER BY client_accounts.accountid desc
2016-07-28 15:57:23 => ACCNO 1607121414 AMOUNT 31500 OLD AMOUNT 0
2016-07-28 15:57:23 => ACCNO 1607121416 AMOUNT 451500 OLD AMOUNT 0
2016-07-28 15:57:23 => ACCNO 1607121419 AMOUNT 6290000 OLD AMOUNT 0
2016-07-28 15:57:24 => ACCNO 160712142 AMOUNT 147000 OLD AMOUNT 0
2016-07-28 15:57:24 => ACCNO 1607121422 AMOUNT 525000 OLD AMOUNT 0
2016-07-28 15:57:24 => ACCNO 1607121424 AMOUNT 252000 OLD AMOUNT 0
2016-07-28 15:57:24 => ACCNO 1607121426 AMOUNT 1417500 OLD AMOUNT 0
2016-07-28 15:57:24 => ACCNO 1607121427 AMOUNT 399000 OLD AMOUNT 0
2016-07-28 15:57:24 => ACCNO 1607121430 AMOUNT 6996000 OLD AMOUNT 0
2016-07-28 15:57:24 => ACCNO 1607121431 AMOUNT 105000 OLD AMOUNT 0
2016-07-28 15:57:24 => ACCNO 1607121432 AMOUNT 273000 OLD AMOUNT 0
2016-07-28 15:57:24 => ACCNO 1607121434 AMOUNT 42000 OLD AMOUNT 0
2016-07-28 15:57:24 => ACCNO 1607121435 AMOUNT 2488500 OLD AMOUNT 0
2016-07-28 15:57:24 => ACCNO 1607121436 AMOUNT 541500 OLD AMOUNT 0
2016-07-28 15:57:24 => ACCNO 1607121438 AMOUNT 1081500 OLD AMOUNT 0
2016-07-28 15:57:24 => ACCNO 1607121440 AMOUNT 609000 OLD AMOUNT 0
2016-07-28 15:57:24 => ACCNO 1607121443 AMOUNT 15578500 OLD AMOUNT 0
2016-07-28 15:57:24 => ACCNO 1607121445 AMOUNT 131500 OLD AMOUNT 0
2016-07-28 15:57:24 => ACCNO 1607121446 AMOUNT 168000 OLD AMOUNT 0
2016-07-28 15:57:24 => ACCNO 160712145 AMOUNT 5781500 OLD AMOUNT 0
2016-07-28 15:57:24 => ACCNO 1607121450 AMOUNT 273000 OLD AMOUNT 0
2016-07-28 15:57:24 => ACCNO 1607121451 AMOUNT 1123500 OLD AMOUNT 0
2016-07-28 15:57:24 => ACCNO 1607121452 AMOUNT 17128500 OLD AMOUNT 0
2016-07-28 15:57:24 => ACCNO 1607121457 AMOUNT 6279000 OLD AMOUNT 0
2016-07-28 15:57:24 => ACCNO 1607121462 AMOUNT 304500 OLD AMOUNT 0
2016-07-28 15:57:24 => ACCNO 1607121466 AMOUNT 829500 OLD AMOUNT 0
2016-07-28 15:57:24 => ACCNO 1607121469 AMOUNT 168000 OLD AMOUNT 0
2016-07-28 15:57:25 => ACCNO 1607121470 AMOUNT 1029000 OLD AMOUNT 0
2016-07-28 15:57:25 => ACCNO 1607121471 AMOUNT 417000 OLD AMOUNT 0
2016-07-28 15:57:25 => ACCNO 1607121472 AMOUNT 140168500 OLD AMOUNT 0
2016-07-28 15:57:25 => ACCNO 1607121473 AMOUNT 1797500 OLD AMOUNT 0
2016-07-28 15:57:25 => ACCNO 1607121474 AMOUNT 63000 OLD AMOUNT 0
2016-07-28 15:57:25 => ACCNO 1607121475 AMOUNT 126000 OLD AMOUNT 0
2016-07-28 15:57:25 => ACCNO 1607121476 AMOUNT 630000 OLD AMOUNT 0
2016-07-28 15:57:25 => ACCNO 1607121477 AMOUNT 6090000 OLD AMOUNT 0
2016-07-28 15:57:25 => ACCNO 1607121478 AMOUNT 430500 OLD AMOUNT 0
2016-07-28 15:57:25 => ACCNO 160712148 AMOUNT 261000 OLD AMOUNT 0
2016-07-28 15:57:25 => ACCNO 1607121480 AMOUNT 1708500 OLD AMOUNT 0
2016-07-28 15:57:25 => ACCNO 1607121482 AMOUNT 189000 OLD AMOUNT 0
2016-07-28 15:57:25 => ACCNO 160712149 AMOUNT 1155000 OLD AMOUNT 0
2016-07-28 15:57:25 => ACCNO 1607150715 AMOUNT 332000 OLD AMOUNT 0
2016-07-28 15:57:25 => ACCNO 16071507210 AMOUNT 390000 OLD AMOUNT 0
2016-07-28 15:57:25 => ACCNO 16071507292 AMOUNT 186000 OLD AMOUNT 0
2016-07-28 15:57:25 => ACCNO 16071507324 AMOUNT 1370000 OLD AMOUNT 0
2016-07-28 15:57:25 => ACCNO 16071507326 AMOUNT 1855000 OLD AMOUNT 0
2016-07-28 15:57:25 => ACCNO 16071507400 AMOUNT 812000 OLD AMOUNT 0
2016-07-28 15:57:25 => ACCNO 16071507499 AMOUNT 37000 OLD AMOUNT 0
2016-07-28 15:57:25 => ACCNO 16071507516 AMOUNT 109000 OLD AMOUNT 0
2016-07-28 15:57:25 => ACCNO 1607150758 AMOUNT 76000 OLD AMOUNT 0
2016-07-28 15:57:25 => ACCNO 160715076 AMOUNT 122000 OLD AMOUNT 0
2016-07-28 15:57:25 => ACCNO 16071508620 AMOUNT 50000 OLD AMOUNT 0
2016-07-28 15:57:40 => ACCNO 1607121414 AMOUNT 1470000 OLD AMOUNT 31500
2016-07-28 15:57:40 => ACCNO 1607121419 AMOUNT 13873500 OLD AMOUNT 6290000
2016-07-28 15:57:40 => ACCNO 160712142 AMOUNT 471000 OLD AMOUNT 147000
2016-07-28 15:57:40 => ACCNO 1607121421 AMOUNT 105000 OLD AMOUNT 0
2016-07-28 15:57:40 => ACCNO 1607121422 AMOUNT 2751000 OLD AMOUNT 525000
2016-07-28 15:57:40 => ACCNO 1607121424 AMOUNT 157500 OLD AMOUNT 252000
2016-07-28 15:57:40 => ACCNO 1607121426 AMOUNT 2877000 OLD AMOUNT 1417500
2016-07-28 15:57:40 => ACCNO 1607121427 AMOUNT 324000 OLD AMOUNT 399000
2016-07-28 15:57:40 => ACCNO 1607121430 AMOUNT 7252500 OLD AMOUNT 6996000
2016-07-28 15:57:40 => ACCNO 1607121431 AMOUNT 147000 OLD AMOUNT 105000
2016-07-28 15:57:40 => ACCNO 1607121432 AMOUNT 493500 OLD AMOUNT 273000
2016-07-28 15:57:40 => ACCNO 1607121434 AMOUNT 241500 OLD AMOUNT 42000
2016-07-28 15:57:40 => ACCNO 1607121435 AMOUNT 3297000 OLD AMOUNT 2488500
2016-07-28 15:57:40 => ACCNO 1607121436 AMOUNT 849000 OLD AMOUNT 541500
2016-07-28 15:57:40 => ACCNO 1607121438 AMOUNT 955500 OLD AMOUNT 1081500
2016-07-28 15:57:40 => ACCNO 160712144 AMOUNT 189000 OLD AMOUNT 0
2016-07-28 15:57:40 => ACCNO 1607121440 AMOUNT 955500 OLD AMOUNT 609000
2016-07-28 15:57:40 => ACCNO 1607121443 AMOUNT 13178500 OLD AMOUNT 15578500
2016-07-28 15:57:40 => ACCNO 1607121446 AMOUNT 325500 OLD AMOUNT 168000
2016-07-28 15:57:40 => ACCNO 160712145 AMOUNT 13947000 OLD AMOUNT 5781500
2016-07-28 15:57:40 => ACCNO 1607121450 AMOUNT 441000 OLD AMOUNT 273000
2016-07-28 15:57:40 => ACCNO 1607121451 AMOUNT 472500 OLD AMOUNT 1123500
2016-07-28 15:57:40 => ACCNO 1607121452 AMOUNT 17286000 OLD AMOUNT 17128500
2016-07-28 15:57:40 => ACCNO 1607121457 AMOUNT 10331500 OLD AMOUNT 6279000
2016-07-28 15:57:40 => ACCNO 1607121462 AMOUNT 1113000 OLD AMOUNT 304500
2016-07-28 15:57:40 => ACCNO 1607121466 AMOUNT 1113000 OLD AMOUNT 829500
2016-07-28 15:57:40 => ACCNO 1607121469 AMOUNT 63000 OLD AMOUNT 168000
2016-07-28 15:57:40 => ACCNO 1607121470 AMOUNT 3051500 OLD AMOUNT 1029000
2016-07-28 15:57:40 => ACCNO 1607121471 AMOUNT 346500 OLD AMOUNT 417000
2016-07-28 15:57:41 => ACCNO 1607121472 AMOUNT 20260000 OLD AMOUNT 140168500
2016-07-28 15:57:41 => ACCNO 1607121473 AMOUNT 1103000 OLD AMOUNT 1797500
2016-07-28 15:57:41 => ACCNO 1607121474 AMOUNT 494500 OLD AMOUNT 63000
2016-07-28 15:57:41 => ACCNO 1607121475 AMOUNT 556500 OLD AMOUNT 126000
2016-07-28 15:57:41 => ACCNO 1607121477 AMOUNT 6153000 OLD AMOUNT 6090000
2016-07-28 15:57:41 => ACCNO 1607121478 AMOUNT 2073000 OLD AMOUNT 430500
2016-07-28 15:57:41 => ACCNO 160712148 AMOUNT 3112000 OLD AMOUNT 261000
2016-07-28 15:57:41 => ACCNO 1607121480 AMOUNT 1753500 OLD AMOUNT 1708500
2016-07-28 15:57:41 => ACCNO 1607121482 AMOUNT 52500 OLD AMOUNT 189000
2016-07-28 15:57:41 => ACCNO 160712149 AMOUNT 661500 OLD AMOUNT 1155000
2016-07-28 15:57:41 => ACCNO 1607150715 AMOUNT 1049000 OLD AMOUNT 332000
2016-07-28 15:57:41 => ACCNO 16071507210 AMOUNT 655000 OLD AMOUNT 390000
2016-07-28 15:57:41 => ACCNO 16071507265 AMOUNT 214000 OLD AMOUNT 0
2016-07-28 15:57:41 => ACCNO 16071507269 AMOUNT 2036000 OLD AMOUNT 0
2016-07-28 15:57:41 => ACCNO 16071507271 AMOUNT 110000 OLD AMOUNT 0
2016-07-28 15:57:41 => ACCNO 16071507273 AMOUNT 926000 OLD AMOUNT 0
2016-07-28 15:57:41 => ACCNO 16071507289 AMOUNT 2066000 OLD AMOUNT 0
2016-07-28 15:57:41 => ACCNO 16071507292 AMOUNT 52000 OLD AMOUNT 186000
2016-07-28 15:57:41 => ACCNO 16071507324 AMOUNT 633000 OLD AMOUNT 1370000
2016-07-28 15:57:41 => ACCNO 16071507326 AMOUNT 1353000 OLD AMOUNT 1855000
2016-07-28 15:57:41 => ACCNO 16071507330 AMOUNT 20170000 OLD AMOUNT 0
2016-07-28 15:57:41 => ACCNO 1607150737 AMOUNT 235000 OLD AMOUNT 0
2016-07-28 15:57:41 => ACCNO 16071507400 AMOUNT 1050000 OLD AMOUNT 812000
2016-07-28 15:57:41 => ACCNO 16071507438 AMOUNT 609000 OLD AMOUNT 0
2016-07-28 15:57:41 => ACCNO 16071507466 AMOUNT 201000 OLD AMOUNT 0
2016-07-28 15:57:41 => ACCNO 16071507499 AMOUNT 135000 OLD AMOUNT 37000
2016-07-28 15:57:41 => ACCNO 16071507516 AMOUNT 1168000 OLD AMOUNT 109000
2016-07-28 15:57:41 => ACCNO 1607150758 AMOUNT 121000 OLD AMOUNT 76000
2016-07-28 15:57:41 => ACCNO 160715076 AMOUNT 30000 OLD AMOUNT 122000
2016-07-28 15:57:41 => ACCNO 16071508620 AMOUNT 84000 OLD AMOUNT 50000
2016-07-28 17:09:01 => AccountList-66=3;SELECT TRIM(client_accounts.accountname) AS account FROM client_accounts,client_aecode WHERE client_accounts.accountname !='' AND client_accounts.aecodeid = client_aecode.aecodeid AND client_aecode.aecode = 'reza@thecabinetsystems.com' ORDER BY client_accounts.accountid desc
2016-07-28 17:09:02 => AccountList-66=3;SELECT TRIM(client_accounts.accountname) AS account FROM client_accounts,client_aecode WHERE client_accounts.accountname !='' AND client_accounts.aecodeid = client_aecode.aecodeid AND client_aecode.aecode = 'reza@thecabinetsystems.com' ORDER BY client_accounts.accountid desc
2016-07-28 17:09:02 => AccountList-66=3;SELECT TRIM(client_accounts.accountname) AS account FROM client_accounts,client_aecode WHERE client_accounts.accountname !='' AND client_accounts.aecodeid = client_aecode.aecodeid AND client_aecode.aecode = 'reza@thecabinetsystems.com' ORDER BY client_accounts.accountid desc
2016-07-28 17:10:50 => AccountList-66=3;SELECT TRIM(client_accounts.accountname) AS account FROM client_accounts,client_aecode WHERE client_accounts.accountname !='' AND client_accounts.aecodeid = client_aecode.aecodeid AND client_aecode.aecode = 'reza@thecabinetsystems.com' ORDER BY client_accounts.accountid desc
2016-07-28 17:10:51 => AccountList-66=3;SELECT TRIM(client_accounts.accountname) AS account FROM client_accounts,client_aecode WHERE client_accounts.accountname !='' AND client_accounts.aecodeid = client_aecode.aecodeid AND client_aecode.aecode = 'reza@thecabinetsystems.com' ORDER BY client_accounts.accountid desc
2016-07-28 17:10:51 => AccountList-66=3;SELECT TRIM(client_accounts.accountname) AS account FROM client_accounts,client_aecode WHERE client_accounts.accountname !='' AND client_accounts.aecodeid = client_aecode.aecodeid AND client_aecode.aecode = 'reza@thecabinetsystems.com' ORDER BY client_accounts.accountid desc
2016-07-29 07:47:23 => AccountList-66=3;SELECT TRIM(client_accounts.accountname) AS account FROM client_accounts,client_aecode WHERE client_accounts.accountname !='' AND client_accounts.aecodeid = client_aecode.aecodeid AND client_aecode.aecode = 'reza@thecabinetsystems.com' ORDER BY client_accounts.accountid desc
2016-07-29 07:47:24 => AccountList-66=3;SELECT TRIM(client_accounts.accountname) AS account FROM client_accounts,client_aecode WHERE client_accounts.accountname !='' AND client_accounts.aecodeid = client_aecode.aecodeid AND client_aecode.aecode = 'reza@thecabinetsystems.com' ORDER BY client_accounts.accountid desc
2016-07-29 07:47:25 => AccountList-66=3;SELECT TRIM(client_accounts.accountname) AS account FROM client_accounts,client_aecode WHERE client_accounts.accountname !='' AND client_accounts.aecodeid = client_aecode.aecodeid AND client_aecode.aecode = 'reza@thecabinetsystems.com' ORDER BY client_accounts.accountid desc
2016-07-29 09:33:53 => AccountList-66=3;SELECT TRIM(client_accounts.accountname) AS account FROM client_accounts,client_aecode WHERE client_accounts.accountname !='' AND client_accounts.aecodeid = client_aecode.aecodeid AND client_aecode.aecode = 'reza@thecabinetsystems.com' ORDER BY client_accounts.accountid desc
2016-07-29 09:33:54 => AccountList-66=3;SELECT TRIM(client_accounts.accountname) AS account FROM client_accounts,client_aecode WHERE client_accounts.accountname !='' AND client_accounts.aecodeid = client_aecode.aecodeid AND client_aecode.aecode = 'reza@thecabinetsystems.com' ORDER BY client_accounts.accountid desc
2016-07-29 09:33:55 => AccountList-66=3;SELECT TRIM(client_accounts.accountname) AS account FROM client_accounts,client_aecode WHERE client_accounts.accountname !='' AND client_accounts.aecodeid = client_aecode.aecodeid AND client_aecode.aecode = 'reza@thecabinetsystems.com' ORDER BY client_accounts.accountid desc
2016-07-29 09:35:27 => AccountList-66=3;SELECT TRIM(client_accounts.accountname) AS account FROM client_accounts,client_aecode WHERE client_accounts.accountname !='' AND client_accounts.aecodeid = client_aecode.aecodeid AND client_aecode.aecode = 'reza@thecabinetsystems.com' ORDER BY client_accounts.accountid desc
2016-07-29 09:35:28 => AccountList-66=3;SELECT TRIM(client_accounts.accountname) AS account FROM client_accounts,client_aecode WHERE client_accounts.accountname !='' AND client_accounts.aecodeid = client_aecode.aecodeid AND client_aecode.aecode = 'reza@thecabinetsystems.com' ORDER BY client_accounts.accountid desc
2016-07-29 09:35:28 => AccountList-66=3;SELECT TRIM(client_accounts.accountname) AS account FROM client_accounts,client_aecode WHERE client_accounts.accountname !='' AND client_accounts.aecodeid = client_aecode.aecodeid AND client_aecode.aecode = 'reza@thecabinetsystems.com' ORDER BY client_accounts.accountid desc
2016-07-30 16:50:58 => AccountList-66=3;SELECT TRIM(client_accounts.accountname) AS account FROM client_accounts,client_aecode WHERE client_accounts.accountname !='' AND client_accounts.aecodeid = client_aecode.aecodeid AND client_aecode.aecode = 'reza@thecabinetsystems.com' ORDER BY client_accounts.accountid desc
2016-07-30 16:51:00 => AccountList-66=3;SELECT TRIM(client_accounts.accountname) AS account FROM client_accounts,client_aecode WHERE client_accounts.accountname !='' AND client_accounts.aecodeid = client_aecode.aecodeid AND client_aecode.aecode = 'reza@thecabinetsystems.com' ORDER BY client_accounts.accountid desc
2016-07-30 16:51:00 => AccountList-66=3;SELECT TRIM(client_accounts.accountname) AS account FROM client_accounts,client_aecode WHERE client_accounts.accountname !='' AND client_accounts.aecodeid = client_aecode.aecodeid AND client_aecode.aecode = 'reza@thecabinetsystems.com' ORDER BY client_accounts.accountid desc
2016-07-30 20:58:07 => AccountList-66=3;SELECT TRIM(client_accounts.accountname) AS account FROM client_accounts,client_aecode WHERE client_accounts.accountname !='' AND client_accounts.aecodeid = client_aecode.aecodeid AND client_aecode.aecode = 'reza.pahlefi@gmail.com' ORDER BY client_accounts.accountid desc
2016-07-30 20:58:08 => AccountList-66=3;SELECT TRIM(client_accounts.accountname) AS account FROM client_accounts,client_aecode WHERE client_accounts.accountname !='' AND client_accounts.aecodeid = client_aecode.aecodeid AND client_aecode.aecode = 'reza.pahlefi@gmail.com' ORDER BY client_accounts.accountid desc
2016-07-30 20:58:08 => AccountList-66=3;SELECT TRIM(client_accounts.accountname) AS account FROM client_accounts,client_aecode WHERE client_accounts.accountname !='' AND client_accounts.aecodeid = client_aecode.aecodeid AND client_aecode.aecode = 'reza.pahlefi@gmail.com' ORDER BY client_accounts.accountid desc
2016-08-01 09:22:42 => AccountList-66=3;SELECT TRIM(client_accounts.accountname) AS account FROM client_accounts,client_aecode WHERE client_accounts.accountname !='' AND client_accounts.aecodeid = client_aecode.aecodeid AND client_aecode.aecode = 'reza@thecabinetsystems.com' ORDER BY client_accounts.accountid desc
2016-08-01 09:22:44 => AccountList-66=3;SELECT TRIM(client_accounts.accountname) AS account FROM client_accounts,client_aecode WHERE client_accounts.accountname !='' AND client_accounts.aecodeid = client_aecode.aecodeid AND client_aecode.aecode = 'reza@thecabinetsystems.com' ORDER BY client_accounts.accountid desc
2016-08-01 09:22:44 => AccountList-66=3;SELECT TRIM(client_accounts.accountname) AS account FROM client_accounts,client_aecode WHERE client_accounts.accountname !='' AND client_accounts.aecodeid = client_aecode.aecodeid AND client_aecode.aecode = 'reza@thecabinetsystems.com' ORDER BY client_accounts.accountid desc
2016-08-01 09:26:59 => AccountList-66=3;SELECT TRIM(client_accounts.accountname) AS account FROM client_accounts,client_aecode WHERE client_accounts.accountname !='' AND client_accounts.aecodeid = client_aecode.aecodeid AND client_aecode.aecode = 'reza@thecabinetsystems.com' ORDER BY client_accounts.accountid desc
2016-08-01 09:26:59 => AccountList-66=3;SELECT TRIM(client_accounts.accountname) AS account FROM client_accounts,client_aecode WHERE client_accounts.accountname !='' AND client_accounts.aecodeid = client_aecode.aecodeid AND client_aecode.aecode = 'reza@thecabinetsystems.com' ORDER BY client_accounts.accountid desc
2016-08-01 09:26:59 => AccountList-66=3;SELECT TRIM(client_accounts.accountname) AS account FROM client_accounts,client_aecode WHERE client_accounts.accountname !='' AND client_accounts.aecodeid = client_aecode.aecodeid AND client_aecode.aecode = 'reza@thecabinetsystems.com' ORDER BY client_accounts.accountid desc
2016-08-01 09:29:33 => AccountList-66=3;SELECT TRIM(client_accounts.accountname) AS account FROM client_accounts,client_aecode WHERE client_accounts.accountname !='' AND client_accounts.aecodeid = client_aecode.aecodeid AND client_aecode.aecode = 'reza@thecabinetsystems.com' ORDER BY client_accounts.accountid desc
2016-08-01 09:29:33 => AccountList-66=3;SELECT TRIM(client_accounts.accountname) AS account FROM client_accounts,client_aecode WHERE client_accounts.accountname !='' AND client_accounts.aecodeid = client_aecode.aecodeid AND client_aecode.aecode = 'reza@thecabinetsystems.com' ORDER BY client_accounts.accountid desc
2016-08-01 09:29:33 => AccountList-66=3;SELECT TRIM(client_accounts.accountname) AS account FROM client_accounts,client_aecode WHERE client_accounts.accountname !='' AND client_accounts.aecodeid = client_aecode.aecodeid AND client_aecode.aecode = 'reza@thecabinetsystems.com' ORDER BY client_accounts.accountid desc
2016-08-01 09:31:23 => Profile-85 :UPDATE client_aecode SET identity = '111111111111', name = 'Reza', taxid = '', mothername = 'Mamah Muda', gender = 'male', martial = 'Marry', address = 'Sukabumi, jakarta, Indonesia', telephone_home = '0812345', telephone_fax = '1234', telephone_mobile = '0999312', bod = '2016-08-02' WHERE aecodeid = '987'; 
2016-08-01 09:31:56 => AccountList-66=3;SELECT TRIM(client_accounts.accountname) AS account FROM client_accounts,client_aecode WHERE client_accounts.accountname !='' AND client_accounts.aecodeid = client_aecode.aecodeid AND client_aecode.aecode = 'reza@thecabinetsystems.com' ORDER BY client_accounts.accountid desc
2016-08-01 09:31:57 => AccountList-66=3;SELECT TRIM(client_accounts.accountname) AS account FROM client_accounts,client_aecode WHERE client_accounts.accountname !='' AND client_accounts.aecodeid = client_aecode.aecodeid AND client_aecode.aecode = 'reza@thecabinetsystems.com' ORDER BY client_accounts.accountid desc
2016-08-01 09:31:57 => AccountList-66=3;SELECT TRIM(client_accounts.accountname) AS account FROM client_accounts,client_aecode WHERE client_accounts.accountname !='' AND client_accounts.aecodeid = client_aecode.aecodeid AND client_aecode.aecode = 'reza@thecabinetsystems.com' ORDER BY client_accounts.accountid desc
2016-08-01 09:35:22 => AccountList-66=3;SELECT TRIM(client_accounts.accountname) AS account FROM client_accounts,client_aecode WHERE client_accounts.accountname !='' AND client_accounts.aecodeid = client_aecode.aecodeid AND client_aecode.aecode = 'reza@thecabinetsystems.com' ORDER BY client_accounts.accountid desc
2016-08-01 09:35:23 => AccountList-66=3;SELECT TRIM(client_accounts.accountname) AS account FROM client_accounts,client_aecode WHERE client_accounts.accountname !='' AND client_accounts.aecodeid = client_aecode.aecodeid AND client_aecode.aecode = 'reza@thecabinetsystems.com' ORDER BY client_accounts.accountid desc
2016-08-01 09:35:23 => AccountList-66=3;SELECT TRIM(client_accounts.accountname) AS account FROM client_accounts,client_aecode WHERE client_accounts.accountname !='' AND client_accounts.aecodeid = client_aecode.aecodeid AND client_aecode.aecode = 'reza@thecabinetsystems.com' ORDER BY client_accounts.accountid desc
2016-08-01 09:36:11 => Profile-85 :UPDATE client_aecode SET identity = '11111111111111111111', name = 'Reza', taxid = '232131', mothername = 'Mamah Muda', gender = 'male', martial = 'Marry', address = 'Jakarta', telephone_home = '08135667', telephone_fax = '', telephone_mobile = '1111111111', bod = '2016-08-03' WHERE aecodeid = '987'; 
2016-08-01 09:36:11 => Profile-85 :UPDATE todo_list SET finished = '1' WHERE aecodeid = '987' AND id_todo = '1'
2016-08-01 09:36:11 => AccountList-66=3;SELECT TRIM(client_accounts.accountname) AS account FROM client_accounts,client_aecode WHERE client_accounts.accountname !='' AND client_accounts.aecodeid = client_aecode.aecodeid AND client_aecode.aecode = 'reza@thecabinetsystems.com' ORDER BY client_accounts.accountid desc
2016-08-01 09:36:40 => Profile-85 :UPDATE client_aecode SET identity = '11111111111111111111', name = 'Reza', taxid = '232131', mothername = 'Mamah Muda', gender = 'male', martial = 'Marry', address = 'Jakarta', telephone_home = '08135667', telephone_fax = '89819791', telephone_mobile = '1111111111', bod = '2016-08-03' WHERE aecodeid = '987'; 
2016-08-01 09:36:40 => Profile-85 :UPDATE todo_list SET finished = '1' WHERE aecodeid = '987' AND id_todo = '1'
2016-08-01 09:36:40 => AccountList-66=3;SELECT TRIM(client_accounts.accountname) AS account FROM client_accounts,client_aecode WHERE client_accounts.accountname !='' AND client_accounts.aecodeid = client_aecode.aecodeid AND client_aecode.aecode = 'reza@thecabinetsystems.com' ORDER BY client_accounts.accountid desc
2016-08-01 10:55:47 => AccountList-66=3;SELECT TRIM(client_accounts.accountname) AS account FROM client_accounts,client_aecode WHERE client_accounts.accountname !='' AND client_accounts.aecodeid = client_aecode.aecodeid AND client_aecode.aecode = 'reza@thecabinetsystems.com' ORDER BY client_accounts.accountid desc
2016-08-01 10:55:47 => AccountList-66=3;SELECT TRIM(client_accounts.accountname) AS account FROM client_accounts,client_aecode WHERE client_accounts.accountname !='' AND client_accounts.aecodeid = client_aecode.aecodeid AND client_aecode.aecode = 'reza@thecabinetsystems.com' ORDER BY client_accounts.accountid desc
2016-08-01 10:55:48 => AccountList-66=3;SELECT TRIM(client_accounts.accountname) AS account FROM client_accounts,client_aecode WHERE client_accounts.accountname !='' AND client_accounts.aecodeid = client_aecode.aecodeid AND client_aecode.aecode = 'reza@thecabinetsystems.com' ORDER BY client_accounts.accountid desc
2016-08-02 09:03:11 => AccountList-66=3;SELECT TRIM(client_accounts.accountname) AS account FROM client_accounts,client_aecode WHERE client_accounts.accountname !='' AND client_accounts.aecodeid = client_aecode.aecodeid AND client_aecode.aecode = 'reza@thecabinetsystems.com' ORDER BY client_accounts.accountid desc
2016-08-02 09:03:12 => AccountList-66=3;SELECT TRIM(client_accounts.accountname) AS account FROM client_accounts,client_aecode WHERE client_accounts.accountname !='' AND client_accounts.aecodeid = client_aecode.aecodeid AND client_aecode.aecode = 'reza@thecabinetsystems.com' ORDER BY client_accounts.accountid desc
2016-08-02 09:03:13 => AccountList-66=3;SELECT TRIM(client_accounts.accountname) AS account FROM client_accounts,client_aecode WHERE client_accounts.accountname !='' AND client_accounts.aecodeid = client_aecode.aecodeid AND client_aecode.aecode = 'reza@thecabinetsystems.com' ORDER BY client_accounts.accountid desc
2016-08-02 11:37:11 => AccountList-66=3;SELECT TRIM(client_accounts.accountname) AS account FROM client_accounts,client_aecode WHERE client_accounts.accountname !='' AND client_accounts.aecodeid = client_aecode.aecodeid AND client_aecode.aecode = 'reza@thecabinetsystems.com' ORDER BY client_accounts.accountid desc
2016-08-02 11:37:11 => AccountList-66=3;SELECT TRIM(client_accounts.accountname) AS account FROM client_accounts,client_aecode WHERE client_accounts.accountname !='' AND client_accounts.aecodeid = client_aecode.aecodeid AND client_aecode.aecode = 'reza@thecabinetsystems.com' ORDER BY client_accounts.accountid desc
2016-08-02 11:37:12 => AccountList-66=3;SELECT TRIM(client_accounts.accountname) AS account FROM client_accounts,client_aecode WHERE client_accounts.accountname !='' AND client_accounts.aecodeid = client_aecode.aecodeid AND client_aecode.aecode = 'reza@thecabinetsystems.com' ORDER BY client_accounts.accountid desc
2016-08-02 11:37:15 => AccountList-66=3;SELECT TRIM(client_accounts.accountname) AS account FROM client_accounts,client_aecode WHERE client_accounts.accountname !='' AND client_accounts.aecodeid = client_aecode.aecodeid AND client_aecode.aecode = 'reza@thecabinetsystems.com' ORDER BY client_accounts.accountid desc
2016-08-02 11:37:16 => AccountList-66=3;SELECT TRIM(client_accounts.accountname) AS account FROM client_accounts,client_aecode WHERE client_accounts.accountname !='' AND client_accounts.aecodeid = client_aecode.aecodeid AND client_aecode.aecode = 'reza@thecabinetsystems.com' ORDER BY client_accounts.accountid desc
2016-08-02 11:37:16 => AccountList-66=3;SELECT TRIM(client_accounts.accountname) AS account FROM client_accounts,client_aecode WHERE client_accounts.accountname !='' AND client_accounts.aecodeid = client_aecode.aecodeid AND client_aecode.aecode = 'reza@thecabinetsystems.com' ORDER BY client_accounts.accountid desc
